1676342210.911122773s 1 06293a10-928c-49cb-bda8-bf938945a1f7
1684808503.074238044s 1 083b0df1-dca5-42e5-81d5-40d80b10127b
1682561701.646598257s 1 0883e5da-9319-4897-b09f-00243afac0fc
1679883466.583543108s 1 0ae362bb-868b-47b2-a823-5335345af989
1677724919.45027092s 1 0afccb4c-7b4f-4201-b19c-bc6affd5163d
1679019886.935295605s 1 0c6626dc-e515-4f8a-96bd-5a16a8c5221c
1680143024.839131531s 1 0c963006-6d03-489a-87ee-0b16626b1a9c
1681870851.371468599s 1 0cdf647c-655d-404d-a00b-d7a9898896b1
1677292617.663982628s 1 11393677-981e-4385-a547-a5bdc0c1b36d
1680401669.384817093s 1 1150597d-6114-4380-9e55-bcc996272ec0
1676428687.611281615s 1 11d82b3d-755a-4b9b-a099-4d4d73c15ee0
1676169343.278197646s 1 155deae8-66cf-4545-9852-5754027d8ce3
1681006447.702307589s 1 186625f2-dae1-4ec3-91bc-936b82ed8526
1682734448.50607863s 1 1a0ac436-0402-4e87-a199-683f7b6d5849
1683684787.539645815s 1 20d7b8bd-f1fa-41ca-92bc-dc410482aa79
1678157226.225985212s 1 21b8af7c-1f9e-422d-b813-3bf933639f96
1682302841.947136512s 1 2291f26c-e54e-43bf-8912-500c760bea8c
1682388993.743645662s 1 22a582fa-4cdd-43e8-aa74-93e573a3e921
1677551818.61565485s 1 246b8c47-52ff-4874-9be3-915dc0c4bbe2
1677206096.992785252s 1 2598f3b6-e507-4ab3-895e-0eb7baf85e23
1679537746.25282502s 1 2835142d-70a5-4472-8ae6-f5f030435c9e
1680229463.635709038s 1 28c9c6a1-59a9-4770-866a-2e0c746b35a9
1684635954.186638689s 1 2a3c9c61-9069-401b-9a28-605179ef7c19
1685153661.211956469s 1 2c894b45-d0ae-4365-b25a-1b48a4eb7ae5
1680660128.071008s 1 30165332-784d-4e26-87dd-2530698aa273
1682475348.071146619s 1 30890747-4710-4c50-8d6c-64d08ec41dc6
1679279492.956931674s 1 34bd421a-8e1a-4bd4-a01f-0aa98787be15
1678329690.237809367s 1 377b01d7-7dec-485f-9f32-9a63893944bb
1678933681.672473266s 1 38ff7c31-de30-4d91-a428-aff84c2d1647
1680315252.319635489s 1 3b08885d-46fe-4d02-af43-770a2de8e17a
1683943915.280950796s 1 3ba9d542-c731-4066-ae07-6d6582f6dd29
1686623412.529490219s 1 42431862-714e-4f17-bedf-6b0568ef45c3
1681524871.429977232s 1 4456a2ff-aa14-4f0c-b895-8c4a0f879dfc
1681351974.845078243s 1 44c58c42-8811-4dc6-95ab-a494167262d7
1678243274.289125263s 1 4d0794df-061a-4f0e-b52b-b2c4f0a871f0
1679710492.59502318s 1 4e91f6f5-97a9-4c53-935f-3c46982f75ba
1675477552.966320954s 1 4ea9619d-b658-4a69-9dba-b95ec4c5a955
1677119664.239698421s 1 4f0bb1b5-cc2b-4eb5-a03a-9e25490709fd
1681611819.816302565s 1 4fe3c2e3-e906-4af2-bf9a-718d8ff9041b
1680574549.803222823s 1 52c4fb57-152f-46b7-a12c-04f3dedf2ce5
1675564660.523021482s 1 546b9b28-88aa-4dd5-8cc6-6795e57cbc91
1684462660.347993437s 1 54fb19e6-9be8-4eef-8ce2-3d997ef05f77
1681179175.504690427s 1 578d21fe-3a72-46d4-8797-ea5a88eaa933
1684722379.703639984s 1 596001ae-606c-4d30-9c2b-0042bdc4c222
1675736908.684351088s 1 5bfa8337-7aa4-4786-83d3-3c9a66ada7a0
1676514953.879464749s 1 5c1cfa1c-5497-417b-8494-b5d6f15c7386
1685847334.763221325s 1 5f194865-eb3d-4a54-9940-ae66a0ee105f
1676774248.396254688s 1 5facd196-dca6-4103-ad66-bf5979a6fcd6
1681783964.281361937s 1 61d2d32c-8ea2-44cc-abf9-9c06bb339e31
1685759651.629120836s 1 6a991ccc-b175-4aa1-9c5b-45d01d77f1c2
1679364794.557494419s 1 6b7e8117-a4fe-4e8c-b6bd-807ee28fb222
1685588397.1475857s 1 6baac793-fcdd-4a31-aea6-ac38dc4f890e
1676860783.839918934s 1 6c7d5303-bba6-4d90-9337-9f0e97825f26
1677465478.717436878s 1 6db04431-44e5-47f5-96d0-6ed5de76d43e
1682993661.695388814s 1 6f283139-6a7a-45e0-aaa6-3906d54460c7
1678760023.179100505s 1 713dfc25-1748-4d6f-a559-71af2d9f589a
1685241067.790794321s 1 71a013b6-6dc5-4fe9-8619-556820165902
1675401169.452795142s 1 728d0f47-f9bf-4ff6-9cb5-242611bdbdca
1686709776.633153482s 1 73acee66-3bec-43c5-a557-05453523992e
1678674449.794503028s 1 74bc6a62-7105-4170-914f-472c30760846
1679970210.620618556s 1 760f56fe-2ae8-457c-abbe-1ae345e2760b
1676082603.768529633s 1 76b9fba4-c446-45f7-bfc0-bb69ace7dc91
1678416266.952541224s 1 78a90a19-9da3-4a11-9d1c-16214e28f437
1683598663.249190038s 1 7ba3eeb6-3d67-48bb-9010-0cca41a41ba9
1681092672.717061962s 1 7be9d82a-b803-46d8-bd29-f0aa6c8b3d06
1685327228.710452476s 1 7dc57846-8f54-4872-9d5e-b0f98404aaac
1678501408.753211782s 1 7f057bcb-0a1b-4e3f-a83a-7873e94e28a9
1682216835.060657113s 1 804ef717-4dd2-454e-bd15-e52c2a52e624
1685673493.689184064s 1 80740f44-1288-4853-919f-c44fff6100e3
1676947131.972954465s 1 8a8e0ec0-a7a4-44a7-9f13-c52462edd2ae
1680747151.815327036s 1 8aa8ca0f-cd73-442e-bc60-ee32a5193afb
1686105807.369041865s 1 8bebaebb-7050-49ef-9bc0-8d405f15d26f
1677638861.019808748s 1 8c0775a3-264f-47f4-ad50-79772b2b30cb
1679451526.974977025s 1 8c7c217d-6e01-4fd1-b905-ac21850aedeb
1681956781.619436141s 1 8d37b9e3-02dd-4ee0-b2dc-a375d78c0be1
1680487845.890220716s 1 8db76ef7-6d5d-476b-9e50-d19e6a908a87
1683771265.847522286s 1 8f2f4643-cafd-42a2-87aa-812e79555808
1682648238.287428304s 1 8f3ecc6b-27d2-4ed1-b99d-a44e5780280d
1684981109.164242692s 1 92a448d5-e1bf-42b5-b237-ad3debfc1454
1684548799.307905024s 1 92fcbf12-4fc2-4bba-bd8f-26ae236245fc
1675823749.081338292s 1 97bd7f9e-7531-4c7b-9d08-35ae4a221a5f
1678847202.526432981s 1 9973982b-f6db-44a8-b94a-9012e4ae6eb6
1680057031.950797818s 1 9b36335d-9789-4ed7-a283-8f2d4b4c329b
1684895058.747187721s 1 9e2f4025-bda0-464b-a218-a821251e86aa
1685500925.606461278s 1 a01cd868-eb29-4451-956d-91c49898b7cc
1686364381.006123246s 1 a4484aab-bfec-4c44-8219-426ad806589a
1680833459.064325568s 1 a52b710a-e739-4cce-a926-d41f81d21bb4
1677816287.441075851s 1 aad7715b-9085-4d85-a35b-843a1dde0c13
1686192153.449190448s 1 ae01ab3a-f11d-4265-9f35-ec621e68ff5a
1680919660.189537336s 1 af48a3a7-daa1-4884-a934-380250caac3c
1684203651.658055434s 1 af6693c8-c3a9-4cfc-bd47-62362e9fdf5a
1679624528.449449661s 1 b90763d1-d16a-42f0-b9e7-9b6d620d0196
1682907480.878726165s 1 b9242b3e-9b22-451c-9819-42562a757b29
1676687523.655153377s 1 bc9b7cdb-8b7d-41fd-8cca-7d8499eb9ec4
1675401172.237446968s 1 bdbca980-3703-4dcd-85c6-44b9b5839d3b
1684117373.781627766s 1 be7f07f7-dd6a-43f5-9f9c-9e179f4d4576
1678588525.837409685s 1 c6cdd7bb-1100-436d-935b-483388d0b506
1686278681.345394884s 1 c944034c-fd2b-44f4-8862-46832de3156f
1685413620.728580236s 1 cb87787c-b316-42f7-bbee-7ed7ad524027
1681438298.037037237s 1 cba100a5-1c44-413b-87c6-9ce7c91d3d4d
1684030933.08917844s 1 cc712ab2-8dea-4c20-9c91-80dd97765d4a
1683426297.512534715s 1 ccba507f-aeb5-49ef-9a9a-5749f65a619b
1682043242.787549084s 1 cdabe8cb-fb25-4be2-87be-23e21a9d1771
1682129687.496572515s 1 cf86a9e8-8511-4551-827f-380956acd19b
1682820924.033220892s 1 d2d98ee0-e697-4e16-93d9-30b8b6248247
1683857504.040643961s 1 d4bf679a-a2e4-4a17-aa0f-31bf131d2d76
1676601622.701266054s 1 d8e2929b-569c-424d-ab5b-8c9c9b990f38
1679106302.895605327s 1 ddba3616-187d-405e-8176-1df5188662d5
1686451873.571766273s 1 de1e7003-1d7e-49be-9672-92f2b97f5f61
1685067439.184893134s 1 de25cdfc-e66d-44da-a66c-16c354bd9ae0
1683252643.592359286s 1 df02501b-ddc2-47af-8d9c-0479698791c2
1681265639.80778158s 1 df8407af-1c11-4475-8469-d8f1fe006c58
1675996861.618725607s 1 e0af8404-5401-4839-9897-abc41bfffe8b
1683080002.969048659s 1 e12cc9cd-98f6-4a3c-a038-54d27e404e55
1677379519.64764084s 1 e1a30509-3389-432e-a84f-38db5d2319cf
1679797602.65841013s 1 e403e0dc-1b1b-41c5-8b7b-31039f689886
1681697694.504313448s 1 e434467d-1296-48e5-aac1-96d20deebce4
1675910189.487660019s 1 e9ad532f-b513-4143-b012-218f295b83a7
1683166366.919315341s 1 ec76559e-f7f1-4987-9cf0-a4a8d42c4ef5
1683338991.022104488s 1 ee7738dd-e03a-4431-a35e-7a70996c2db8
1677984515.915211104s 1 f4738b95-e9f1-4451-93ce-bccd52e0b59c
1684290079.35302849s 1 f5d704be-31f4-4100-8653-8b7b45da3e5d
1685932795.514060651s 1 f7402770-9544-4a3d-badd-a740ca43ef4d
1677897204.765875129s 1 f7da3150-e949-4ef3-8df5-0a15ef8f1998
1686019503.747200267s 1 f823a160-f21f-4256-8455-1d523a706073
1678070449.677533775s 1 f89a08ee-02d5-4ada-9500-80ac38ff6851
1675650506.150165799s 1 fabbf5fe-298d-4f19-ad49-11405f643134
1676255791.261905774s 1 fb2e5bfe-f425-4f61-8b16-7c21455bf088
1677033398.13921397s 1 fb524cca-4f62-4781-a716-d31df701a90b
1683512350.250296756s 1 fc4d32b5-cefc-42a4-a6cf-3304dad5baa9
1679193298.484021028s 1 fcf6da98-302d-4c18-be16-8f9f513e1c0b
1686537761.646690628s 1 fe33a158-1c6e-4861-8001-31e2a1d9116d
1684376155.642821984s 1 fe70583d-7904-4790-b3ab-03ef40a4ea34
