1684808517.625027578s 1 083b0df1-dca5-42e5-81d5-40d80b10127b
1682561715.365201699s 1 0883e5da-9319-4897-b09f-00243afac0fc
1681870859.763675291s 1 0cdf647c-655d-404d-a00b-d7a9898896b1
1681006461.032624198s 1 186625f2-dae1-4ec3-91bc-936b82ed8526
1682734462.090353932s 1 1a0ac436-0402-4e87-a199-683f7b6d5849
1683684796.528775324s 1 20d7b8bd-f1fa-41ca-92bc-dc410482aa79
1682302856.402894045s 1 2291f26c-e54e-43bf-8912-500c760bea8c
1682389007.245688107s 1 22a582fa-4cdd-43e8-aa74-93e573a3e921
1684635967.734677959s 1 2a3c9c61-9069-401b-9a28-605179ef7c19
1685153680.478956543s 1 2c894b45-d0ae-4365-b25a-1b48a4eb7ae5
1682475356.054644484s 1 30890747-4710-4c50-8d6c-64d08ec41dc6
1683943923.642105203s 1 3ba9d542-c731-4066-ae07-6d6582f6dd29
1681524890.450273268s 1 4456a2ff-aa14-4f0c-b895-8c4a0f879dfc
1681351994.105201084s 1 44c58c42-8811-4dc6-95ab-a494167262d7
1681611834.489512426s 1 4fe3c2e3-e906-4af2-bf9a-718d8ff9041b
1684462680.020677615s 1 54fb19e6-9be8-4eef-8ce2-3d997ef05f77
1681179192.833712777s 1 578d21fe-3a72-46d4-8797-ea5a88eaa933
1684722399.337738826s 1 596001ae-606c-4d30-9c2b-0042bdc4c222
1685847343.011657739s 1 5f194865-eb3d-4a54-9940-ae66a0ee105f
1681783978.44386948s 1 61d2d32c-8ea2-44cc-abf9-9c06bb339e31
1685759660.09512607s 1 6a991ccc-b175-4aa1-9c5b-45d01d77f1c2
1685588411.942663374s 1 6baac793-fcdd-4a31-aea6-ac38dc4f890e
1682993675.519300455s 1 6f283139-6a7a-45e0-aaa6-3906d54460c7
1685241076.82196126s 1 71a013b6-6dc5-4fe9-8619-556820165902
1683598676.210517847s 1 7ba3eeb6-3d67-48bb-9010-0cca41a41ba9
1681092692.449639028s 1 7be9d82a-b803-46d8-bd29-f0aa6c8b3d06
1685327247.581938362s 1 7dc57846-8f54-4872-9d5e-b0f98404aaac
1682216844.349721757s 1 804ef717-4dd2-454e-bd15-e52c2a52e624
1685673512.856180445s 1 80740f44-1288-4853-919f-c44fff6100e3
1686105827.533698769s 1 8bebaebb-7050-49ef-9bc0-8d405f15d26f
1681956790.720898895s 1 8d37b9e3-02dd-4ee0-b2dc-a375d78c0be1
1683771284.926374387s 1 8f2f4643-cafd-42a2-87aa-812e79555808
1682648246.062983167s 1 8f3ecc6b-27d2-4ed1-b99d-a44e5780280d
1684981126.131767723s 1 92a448d5-e1bf-42b5-b237-ad3debfc1454
1684548816.699547845s 1 92fcbf12-4fc2-4bba-bd8f-26ae236245fc
1684895078.218112769s 1 9e2f4025-bda0-464b-a218-a821251e86aa
1685500933.793064021s 1 a01cd868-eb29-4451-956d-91c49898b7cc
1686364400.802719254s 1 a4484aab-bfec-4c44-8219-426ad806589a
1680841415.762376918s 1 a52b710a-e739-4cce-a926-d41f81d21bb4
1686192168.098825809s 1 ae01ab3a-f11d-4265-9f35-ec621e68ff5a
1680919668.646604138s 1 af48a3a7-daa1-4884-a934-380250caac3c
1684203659.943883746s 1 af6693c8-c3a9-4cfc-bd47-62362e9fdf5a
1682907494.947351808s 1 b9242b3e-9b22-451c-9819-42562a757b29
1680841417.536308146s 1 bdbca980-3703-4dcd-85c6-44b9b5839d3b
1684117387.92198466s 1 be7f07f7-dd6a-43f5-9f9c-9e179f4d4576
1686278690.969383668s 1 c944034c-fd2b-44f4-8862-46832de3156f
1685413640.488077985s 1 cb87787c-b316-42f7-bbee-7ed7ad524027
1681438311.645031966s 1 cba100a5-1c44-413b-87c6-9ce7c91d3d4d
1684030948.43779685s 1 cc712ab2-8dea-4c20-9c91-80dd97765d4a
1683426312.418223527s 1 ccba507f-aeb5-49ef-9a9a-5749f65a619b
1682043252.022288606s 1 cdabe8cb-fb25-4be2-87be-23e21a9d1771
1682129696.40681935s 1 cf86a9e8-8511-4551-827f-380956acd19b
1682820932.335204529s 1 d2d98ee0-e697-4e16-93d9-30b8b6248247
1683857512.741340683s 1 d4bf679a-a2e4-4a17-aa0f-31bf131d2d76
1686451887.460240838s 1 de1e7003-1d7e-49be-9672-92f2b97f5f61
1685067447.443064234s 1 de25cdfc-e66d-44da-a66c-16c354bd9ae0
1683252653.021205713s 1 df02501b-ddc2-47af-8d9c-0479698791c2
1681265653.938895063s 1 df8407af-1c11-4475-8469-d8f1fe006c58
1683080016.852972383s 1 e12cc9cd-98f6-4a3c-a038-54d27e404e55
1681697711.476022041s 1 e434467d-1296-48e5-aac1-96d20deebce4
1683166374.961107251s 1 ec76559e-f7f1-4987-9cf0-a4a8d42c4ef5
1683338998.865917897s 1 ee7738dd-e03a-4431-a35e-7a70996c2db8
1684290093.229158436s 1 f5d704be-31f4-4100-8653-8b7b45da3e5d
1685932803.697785188s 1 f7402770-9544-4a3d-badd-a740ca43ef4d
1686019517.692225722s 1 f823a160-f21f-4256-8455-1d523a706073
1683512369.288829521s 1 fc4d32b5-cefc-42a4-a6cf-3304dad5baa9
1684376164.252531168s 1 fe70583d-7904-4790-b3ab-03ef40a4ea34
