1674814105.897894761s 1 05580875-f9c8-4f85-9bd3-c978419b1d65
1676342215.461045199s 1 06293a10-928c-49cb-bda8-bf938945a1f7
1684808511.587676527s 1 083b0df1-dca5-42e5-81d5-40d80b10127b
1682561709.782879393s 1 0883e5da-9319-4897-b09f-00243afac0fc
1679883477.972805781s 1 0ae362bb-868b-47b2-a823-5335345af989
1677724924.787758483s 1 0afccb4c-7b4f-4201-b19c-bc6affd5163d
1679019891.123243561s 1 0c6626dc-e515-4f8a-96bd-5a16a8c5221c
1680143029.063519513s 1 0c963006-6d03-489a-87ee-0b16626b1a9c
1681870856.289421662s 1 0cdf647c-655d-404d-a00b-d7a9898896b1
1677292625.775318454s 1 11393677-981e-4385-a547-a5bdc0c1b36d
1680401673.559123013s 1 1150597d-6114-4380-9e55-bcc996272ec0
1676428695.43461759s 1 11d82b3d-755a-4b9b-a099-4d4d73c15ee0
1676169347.689506235s 1 155deae8-66cf-4545-9852-5754027d8ce3
1681006455.615108265s 1 186625f2-dae1-4ec3-91bc-936b82ed8526
1674637800.207436783s 1 18ee5e58-d328-4da2-8f08-e840b1af1302
1682734456.748631184s 1 1a0ac436-0402-4e87-a199-683f7b6d5849
1674755495.053059568s 1 1be975d9-0f45-4ac0-a7ee-389807c945cd
1683684792.80824408s 1 20d7b8bd-f1fa-41ca-92bc-dc410482aa79
1678157231.033911978s 1 21b8af7c-1f9e-422d-b813-3bf933639f96
1682302850.553907573s 1 2291f26c-e54e-43bf-8912-500c760bea8c
1682389001.681515815s 1 22a582fa-4cdd-43e8-aa74-93e573a3e921
1674755300.681809795s 1 23655a98-8a64-4498-b81c-7df84215998c
1675132771.130489731s 1 23e7b141-558f-4aa2-832f-199591fb6c09
1677551830.517068437s 1 246b8c47-52ff-4874-9be3-915dc0c4bbe2
1677206105.553665128s 1 2598f3b6-e507-4ab3-895e-0eb7baf85e23
1679537750.102648378s 1 2835142d-70a5-4472-8ae6-f5f030435c9e
1680229474.845238991s 1 28c9c6a1-59a9-4770-866a-2e0c746b35a9
1684635962.158347328s 1 2a3c9c61-9069-401b-9a28-605179ef7c19
1685153672.647789848s 1 2c894b45-d0ae-4365-b25a-1b48a4eb7ae5
1674614363.022655822s 1 2d4dc673-94fa-4aa1-8d7b-de78372dc9b0
1680660139.587886432s 1 30165332-784d-4e26-87dd-2530698aa273
1682475352.899820843s 1 30890747-4710-4c50-8d6c-64d08ec41dc6
1679279510.103069331s 1 34bd421a-8e1a-4bd4-a01f-0aa98787be15
1678329701.081551628s 1 377b01d7-7dec-485f-9f32-9a63893944bb
1678933692.996463512s 1 38ff7c31-de30-4d91-a428-aff84c2d1647
1680315263.473532719s 1 3b08885d-46fe-4d02-af43-770a2de8e17a
1683943920.152051249s 1 3ba9d542-c731-4066-ae07-6d6582f6dd29
1681524882.546606671s 1 4456a2ff-aa14-4f0c-b895-8c4a0f879dfc
1681351986.083781351s 1 44c58c42-8811-4dc6-95ab-a494167262d7
1678243278.893198495s 1 4d0794df-061a-4f0e-b52b-b2c4f0a871f0
1679710500.103503803s 1 4e91f6f5-97a9-4c53-935f-3c46982f75ba
1675477558.366464209s 1 4ea9619d-b658-4a69-9dba-b95ec4c5a955
1677119668.266424245s 1 4f0bb1b5-cc2b-4eb5-a03a-9e25490709fd
1681611828.420366762s 1 4fe3c2e3-e906-4af2-bf9a-718d8ff9041b
1680574554.705888237s 1 52c4fb57-152f-46b7-a12c-04f3dedf2ce5
1675564665.304990667s 1 546b9b28-88aa-4dd5-8cc6-6795e57cbc91
1684462671.995380476s 1 54fb19e6-9be8-4eef-8ce2-3d997ef05f77
1681179185.712220723s 1 578d21fe-3a72-46d4-8797-ea5a88eaa933
1684722391.556637607s 1 596001ae-606c-4d30-9c2b-0042bdc4c222
1675736919.01131626s 1 5bfa8337-7aa4-4786-83d3-3c9a66ada7a0
1676514958.489661906s 1 5c1cfa1c-5497-417b-8494-b5d6f15c7386
1676774256.233872874s 1 5facd196-dca6-4103-ad66-bf5979a6fcd6
1681783972.577838967s 1 61d2d32c-8ea2-44cc-abf9-9c06bb339e31
1679364799.534918103s 1 6b7e8117-a4fe-4e8c-b6bd-807ee28fb222
1676860795.375624136s 1 6c7d5303-bba6-4d90-9337-9f0e97825f26
1677465483.768123518s 1 6db04431-44e5-47f5-96d0-6ed5de76d43e
1682993669.585702778s 1 6f283139-6a7a-45e0-aaa6-3906d54460c7
1678760034.850940534s 1 713dfc25-1748-4d6f-a559-71af2d9f589a
1685241073.192888536s 1 71a013b6-6dc5-4fe9-8619-556820165902
1675391818.078194299s 1 728d0f47-f9bf-4ff6-9cb5-242611bdbdca
1678674459.815045903s 1 74bc6a62-7105-4170-914f-472c30760846
1679970218.229410167s 1 760f56fe-2ae8-457c-abbe-1ae345e2760b
1676082611.760019168s 1 76b9fba4-c446-45f7-bfc0-bb69ace7dc91
1678416275.059082043s 1 78a90a19-9da3-4a11-9d1c-16214e28f437
1683598673.052504843s 1 7ba3eeb6-3d67-48bb-9010-0cca41a41ba9
1681092684.336111218s 1 7be9d82a-b803-46d8-bd29-f0aa6c8b3d06
1685327239.797455674s 1 7dc57846-8f54-4872-9d5e-b0f98404aaac
1678501422.628574604s 1 7f057bcb-0a1b-4e3f-a83a-7873e94e28a9
1682216840.493976826s 1 804ef717-4dd2-454e-bd15-e52c2a52e624
1674734363.321493345s 1 87c681c2-9c14-4638-b3d7-6a1fb4ad431d
1676947136.455279081s 1 8a8e0ec0-a7a4-44a7-9f13-c52462edd2ae
1674647796.31662987s 1 8aa2dd41-0806-4ddf-babd-32f385ab2ec3
1680747156.345364631s 1 8aa8ca0f-cd73-442e-bc60-ee32a5193afb
1677638868.851761055s 1 8c0775a3-264f-47f4-ad50-79772b2b30cb
1679451531.345071579s 1 8c7c217d-6e01-4fd1-b905-ac21850aedeb
1681956786.945138102s 1 8d37b9e3-02dd-4ee0-b2dc-a375d78c0be1
1680487850.159911418s 1 8db76ef7-6d5d-476b-9e50-d19e6a908a87
1683771277.267003266s 1 8f2f4643-cafd-42a2-87aa-812e79555808
1682648242.92612642s 1 8f3ecc6b-27d2-4ed1-b99d-a44e5780280d
1684981119.260776656s 1 92a448d5-e1bf-42b5-b237-ad3debfc1454
1684548809.778363597s 1 92fcbf12-4fc2-4bba-bd8f-26ae236245fc
1675823753.155392041s 1 97bd7f9e-7531-4c7b-9d08-35ae4a221a5f
1678847213.279143661s 1 9973982b-f6db-44a8-b94a-9012e4ae6eb6
1680057036.969173626s 1 9b36335d-9789-4ed7-a283-8f2d4b4c329b
1684895068.048148513s 1 9e2f4025-bda0-464b-a218-a821251e86aa
1680833463.967623574s 1 a52b710a-e739-4cce-a926-d41f81d21bb4
1677816292.448182544s 1 aad7715b-9085-4d85-a35b-843a1dde0c13
1680919665.32001592s 1 af48a3a7-daa1-4884-a934-380250caac3c
1684203656.704412196s 1 af6693c8-c3a9-4cfc-bd47-62362e9fdf5a
1674959958.277585234s 1 b121a5fd-7336-41ce-b124-067c49e32066
1675195365.24479097s 1 b6be0edf-31b7-49a8-a374-25b10bd4945b
1679624536.672295725s 1 b90763d1-d16a-42f0-b9e7-9b6d620d0196
1682907489.178914052s 1 b9242b3e-9b22-451c-9819-42562a757b29
1676687533.531884746s 1 bc9b7cdb-8b7d-41fd-8cca-7d8499eb9ec4
1674614366.70156604s 1 bdbca980-3703-4dcd-85c6-44b9b5839d3b
1684117382.373284505s 1 be7f07f7-dd6a-43f5-9f9c-9e179f4d4576
1675263953.619852281s 1 c23f89dd-2491-4cb6-bbab-1cf6e9ad8899
1678588533.73360269s 1 c6cdd7bb-1100-436d-935b-483388d0b506
1685413634.267820758s 1 cb87787c-b316-42f7-bbee-7ed7ad524027
1681438306.065620265s 1 cba100a5-1c44-413b-87c6-9ce7c91d3d4d
1684030941.892669966s 1 cc712ab2-8dea-4c20-9c91-80dd97765d4a
1683426306.481179525s 1 ccba507f-aeb5-49ef-9a9a-5749f65a619b
1682043248.425816029s 1 cdabe8cb-fb25-4be2-87be-23e21a9d1771
1682129692.605486986s 1 cf86a9e8-8511-4551-827f-380956acd19b
1674822645.609171926s 1 d0b9eb5d-fdf5-4313-b048-3f0ac18ac9f4
1674818553.640765447s 1 d2690f91-dd70-4a6d-a85f-63a0c707d753
1682820929.042837965s 1 d2d98ee0-e697-4e16-93d9-30b8b6248247
1683857509.123523641s 1 d4bf679a-a2e4-4a17-aa0f-31bf131d2d76
1674730823.421113452s 1 d8930a9f-6220-46d6-8c4e-b71e706f3a02
1676601630.175922252s 1 d8e2929b-569c-424d-ab5b-8c9c9b990f38
1674752753.682437369s 1 da187942-76f3-435f-b600-3ba609f505a9
1674744830.157424892s 1 dc2cbe1f-10e7-4c31-b39e-7ff73b74f5b2
1679106312.45642375s 1 ddba3616-187d-405e-8176-1df5188662d5
1685067444.222624003s 1 de25cdfc-e66d-44da-a66c-16c354bd9ae0
1683252649.397063157s 1 df02501b-ddc2-47af-8d9c-0479698791c2
1681265648.159226788s 1 df8407af-1c11-4475-8469-d8f1fe006c58
1674786996.244833882s 1 e060240c-a1c1-4262-949b-032b8205aec0
1675996869.553903702s 1 e0af8404-5401-4839-9897-abc41bfffe8b
1683080011.21900287s 1 e12cc9cd-98f6-4a3c-a038-54d27e404e55
1677379528.095329606s 1 e1a30509-3389-432e-a84f-38db5d2319cf
1679797614.385462027s 1 e403e0dc-1b1b-41c5-8b7b-31039f689886
1681697704.515078792s 1 e434467d-1296-48e5-aac1-96d20deebce4
1675219722.053200972s 1 e5d03cf9-431d-4fe9-8d4e-c8707a2fe245
1674700408.95044806s 1 e93cb437-3c2b-41b7-84d8-7781329ac17c
1675910197.313888474s 1 e9ad532f-b513-4143-b012-218f295b83a7
1683166371.761485111s 1 ec76559e-f7f1-4987-9cf0-a4a8d42c4ef5
1683338995.635741082s 1 ee7738dd-e03a-4431-a35e-7a70996c2db8
1677984520.613768921s 1 f4738b95-e9f1-4451-93ce-bccd52e0b59c
1674873303.466700079s 1 f4fb203d-5603-46fe-94d1-44b5ab6cca96
1684290087.713330303s 1 f5d704be-31f4-4100-8653-8b7b45da3e5d
1677897215.967476884s 1 f7da3150-e949-4ef3-8df5-0a15ef8f1998
1678070466.684821269s 1 f89a08ee-02d5-4ada-9500-80ac38ff6851
1675045860.652335261s 1 f91e17d1-d774-4cd3-b3f1-917e6a20fe40
1675650517.03664074s 1 fabbf5fe-298d-4f19-ad49-11405f643134
1675242767.733141479s 1 fac8277a-2aea-4527-b59d-edd83636ec6f
1676255802.976970118s 1 fb2e5bfe-f425-4f61-8b16-7c21455bf088
1677033402.8063346s 1 fb524cca-4f62-4781-a716-d31df701a90b
1683512361.50130635s 1 fc4d32b5-cefc-42a4-a6cf-3304dad5baa9
1679193308.399200395s 1 fcf6da98-302d-4c18-be16-8f9f513e1c0b
1684376160.704478765s 1 fe70583d-7904-4790-b3ab-03ef40a4ea34
1675305232.766237472s 1 ff4b2ba2-274a-4426-84c3-9acf0e7a2749
