05580875-f9c8-4f85-9bd3-c978419b1d65 runner@fv-az589-666:~/work/datalad-getexec/datalad-getexec/.hypothesis timestamp=1674814087.325643981s
06293a10-928c-49cb-bda8-bf938945a1f7 runner@fv-az362-900:~/work/datalad-getexec/datalad-getexec/.hypothesis timestamp=1676342195.26530369s
083b0df1-dca5-42e5-81d5-40d80b10127b runner@fv-az283-299:~/work/datalad-getexec/datalad-getexec/.hypothesis timestamp=1684808472.155276612s
0883e5da-9319-4897-b09f-00243afac0fc runner@fv-az791-365:~/work/datalad-getexec/datalad-getexec/.hypothesis timestamp=1682561674.396685156s
0ae362bb-868b-47b2-a823-5335345af989 runner@fv-az176-813:~/work/datalad-getexec/datalad-getexec/.hypothesis timestamp=1679883429.032531922s
0afccb4c-7b4f-4201-b19c-bc6affd5163d runner@fv-az361-658:~/work/datalad-getexec/datalad-getexec/.hypothesis timestamp=1677724903.455302392s
0c6626dc-e515-4f8a-96bd-5a16a8c5221c runner@fv-az359-912:~/work/datalad-getexec/datalad-getexec/.hypothesis timestamp=1679019872.046790783s
0c963006-6d03-489a-87ee-0b16626b1a9c runner@fv-az403-762:~/work/datalad-getexec/datalad-getexec/.hypothesis timestamp=1680143011.063995507s
0cdf647c-655d-404d-a00b-d7a9898896b1 runner@fv-az562-372:~/work/datalad-getexec/datalad-getexec/.hypothesis timestamp=1681870834.654947894s
11393677-981e-4385-a547-a5bdc0c1b36d runner@fv-az338-529:~/work/datalad-getexec/datalad-getexec/.hypothesis timestamp=1677292589.724558431s
1150597d-6114-4380-9e55-bcc996272ec0 runner@fv-az313-1:~/work/datalad-getexec/datalad-getexec/.hypothesis timestamp=1680401650.040571611s
11d82b3d-755a-4b9b-a099-4d4d73c15ee0 runner@fv-az338-74:~/work/datalad-getexec/datalad-getexec/.hypothesis timestamp=1676428659.846040267s
155deae8-66cf-4545-9852-5754027d8ce3 runner@fv-az548-370:~/work/datalad-getexec/datalad-getexec/.hypothesis timestamp=1676169322.427460824s
186625f2-dae1-4ec3-91bc-936b82ed8526 runner@fv-az193-875:~/work/datalad-getexec/datalad-getexec/.hypothesis timestamp=1681006420.622811004s
18ee5e58-d328-4da2-8f08-e840b1af1302 runner@fv-az459-591:~/work/datalad-getexec/datalad-getexec/.hypothesis timestamp=1674637778.092431533s
1a0ac436-0402-4e87-a199-683f7b6d5849 runner@fv-az553-285:~/work/datalad-getexec/datalad-getexec/.hypothesis timestamp=1682734421.120658644s
1be975d9-0f45-4ac0-a7ee-389807c945cd runner@fv-az453-253:~/work/datalad-getexec/datalad-getexec/.hypothesis timestamp=1674755454.136085775s
20d7b8bd-f1fa-41ca-92bc-dc410482aa79 runner@fv-az1259-723:~/work/datalad-getexec/datalad-getexec/.hypothesis timestamp=1683684768.908621563s
21b8af7c-1f9e-422d-b813-3bf933639f96 runner@fv-az447-564:~/work/datalad-getexec/datalad-getexec/.hypothesis timestamp=1678157208.903020407s
2291f26c-e54e-43bf-8912-500c760bea8c runner@fv-az1125-929:~/work/datalad-getexec/datalad-getexec/.hypothesis timestamp=1682302813.139005659s
22a582fa-4cdd-43e8-aa74-93e573a3e921 runner@fv-az618-731:~/work/datalad-getexec/datalad-getexec/.hypothesis timestamp=1682388965.568258362s
23655a98-8a64-4498-b81c-7df84215998c runner@fv-az566-633:~/work/datalad-getexec/datalad-getexec/.hypothesis timestamp=1674755283.441181205s
23e7b141-558f-4aa2-832f-199591fb6c09 runner@fv-az454-899:~/work/datalad-getexec/datalad-getexec/.hypothesis timestamp=1675132727.126525021s
246b8c47-52ff-4874-9be3-915dc0c4bbe2 runner@fv-az454-80:~/work/datalad-getexec/datalad-getexec/.hypothesis timestamp=1677551779.318381414s
2598f3b6-e507-4ab3-895e-0eb7baf85e23 runner@fv-az280-205:~/work/datalad-getexec/datalad-getexec/.hypothesis timestamp=1677206068.309790653s
2835142d-70a5-4472-8ae6-f5f030435c9e runner@fv-az411-40:~/work/datalad-getexec/datalad-getexec/.hypothesis timestamp=1679537732.718174805s
28c9c6a1-59a9-4770-866a-2e0c746b35a9 runner@fv-az470-997:~/work/datalad-getexec/datalad-getexec/.hypothesis timestamp=1680229424.577518372s
2a3c9c61-9069-401b-9a28-605179ef7c19 runner@fv-az950-900:~/work/datalad-getexec/datalad-getexec/.hypothesis timestamp=1684635927.098269258s
2c894b45-d0ae-4365-b25a-1b48a4eb7ae5 runner@fv-az577-225:~/work/datalad-getexec/datalad-getexec/.hypothesis timestamp=1685153623.347152119s
2ca3088f-af38-41b9-b313-a135a44e5cd8 runner@fv-az408-334:~/work/datalad-getexec/datalad-getexec/.hypothesis timestamp=1674052306.960934095s
2d4dc673-94fa-4aa1-8d7b-de78372dc9b0 runner@fv-az567-152:~/work/datalad-getexec/datalad-getexec/.hypothesis timestamp=1674613922.07629196s
30165332-784d-4e26-87dd-2530698aa273 runner@fv-az341-193:~/work/datalad-getexec/datalad-getexec/.hypothesis timestamp=1680660089.761810818s
30890747-4710-4c50-8d6c-64d08ec41dc6 runner@fv-az736-930:~/work/datalad-getexec/datalad-getexec/.hypothesis timestamp=1682475330.929852028s
34bd421a-8e1a-4bd4-a01f-0aa98787be15 runner@fv-az478-798:~/work/datalad-getexec/datalad-getexec/.hypothesis timestamp=1679279458.55146145s
377b01d7-7dec-485f-9f32-9a63893944bb runner@fv-az267-849:~/work/datalad-getexec/datalad-getexec/.hypothesis timestamp=1678329653.424233429s
38ff7c31-de30-4d91-a428-aff84c2d1647 runner@fv-az572-631:~/work/datalad-getexec/datalad-getexec/.hypothesis timestamp=1678933638.936396593s
3b08885d-46fe-4d02-af43-770a2de8e17a runner@fv-az256-392:~/work/datalad-getexec/datalad-getexec/.hypothesis timestamp=1680315213.862226771s
3ba9d542-c731-4066-ae07-6d6582f6dd29 runner@fv-az447-210:~/work/datalad-getexec/datalad-getexec/.hypothesis timestamp=1683943898.64323816s
4456a2ff-aa14-4f0c-b895-8c4a0f879dfc runner@fv-az577-927:~/work/datalad-getexec/datalad-getexec/.hypothesis timestamp=1681524833.290767356s
44c58c42-8811-4dc6-95ab-a494167262d7 runner@fv-az577-927:~/work/datalad-getexec/datalad-getexec/.hypothesis timestamp=1681351937.070126603s
4d0794df-061a-4f0e-b52b-b2c4f0a871f0 runner@fv-az562-313:~/work/datalad-getexec/datalad-getexec/.hypothesis timestamp=1678243257.372668112s
4e91f6f5-97a9-4c53-935f-3c46982f75ba runner@fv-az587-632:~/work/datalad-getexec/datalad-getexec/.hypothesis timestamp=1679710467.534203058s
4ea9619d-b658-4a69-9dba-b95ec4c5a955 runner@fv-az438-498:~/work/datalad-getexec/datalad-getexec/.hypothesis timestamp=1675477536.664378981s
4f0bb1b5-cc2b-4eb5-a03a-9e25490709fd runner@fv-az349-685:~/work/datalad-getexec/datalad-getexec/.hypothesis timestamp=1677119649.906898149s
4fe3c2e3-e906-4af2-bf9a-718d8ff9041b runner@fv-az950-910:~/work/datalad-getexec/datalad-getexec/.hypothesis timestamp=1681611792.342281897s
52c4fb57-152f-46b7-a12c-04f3dedf2ce5 runner@fv-az438-464:~/work/datalad-getexec/datalad-getexec/.hypothesis timestamp=1680574532.387988443s
546b9b28-88aa-4dd5-8cc6-6795e57cbc91 runner@fv-az401-352:~/work/datalad-getexec/datalad-getexec/.hypothesis timestamp=1675564643.900115257s
54fb19e6-9be8-4eef-8ce2-3d997ef05f77 runner@fv-az176-786:~/work/datalad-getexec/datalad-getexec/.hypothesis timestamp=1684462621.54798724s
578d21fe-3a72-46d4-8797-ea5a88eaa933 runner@fv-az484-792:~/work/datalad-getexec/datalad-getexec/.hypothesis timestamp=1681179141.438560849s
596001ae-606c-4d30-9c2b-0042bdc4c222 runner@fv-az1250-23:~/work/datalad-getexec/datalad-getexec/.hypothesis timestamp=1684722341.059248407s
5bfa8337-7aa4-4786-83d3-3c9a66ada7a0 runner@fv-az674-912:~/work/datalad-getexec/datalad-getexec/.hypothesis timestamp=1675736877.098338828s
5c1cfa1c-5497-417b-8494-b5d6f15c7386 runner@fv-az306-132:~/work/datalad-getexec/datalad-getexec/.hypothesis timestamp=1676514937.046717822s
5f194865-eb3d-4a54-9940-ae66a0ee105f runner@fv-az613-127:~/work/datalad-getexec/datalad-getexec/.hypothesis timestamp=1685847318.751308933s
5facd196-dca6-4103-ad66-bf5979a6fcd6 runner@fv-az570-241:~/work/datalad-getexec/datalad-getexec/.hypothesis timestamp=1676774220.081521091s
61d2d32c-8ea2-44cc-abf9-9c06bb339e31 runner@fv-az210-32:~/work/datalad-getexec/datalad-getexec/.hypothesis timestamp=1681783934.685168071s
6a991ccc-b175-4aa1-9c5b-45d01d77f1c2 runner@fv-az438-884:~/work/datalad-getexec/datalad-getexec/.hypothesis timestamp=1685759633.90476997s
6b7e8117-a4fe-4e8c-b6bd-807ee28fb222 runner@fv-az736-808:~/work/datalad-getexec/datalad-getexec/.hypothesis timestamp=1679364776.947956405s
6baac793-fcdd-4a31-aea6-ac38dc4f890e runner@fv-az162-227:~/work/datalad-getexec/datalad-getexec/.hypothesis timestamp=1685588369.896686835s
6c7d5303-bba6-4d90-9337-9f0e97825f26 runner@fv-az565-387:~/work/datalad-getexec/datalad-getexec/.hypothesis timestamp=1676860743.951248022s
6d0dfb53-5f0a-4d36-b1a9-776e0fde5d67 runner@fv-az577-119:~/work/datalad-getexec/datalad-getexec/.hypothesis timestamp=1674182329.662859223s
6db04431-44e5-47f5-96d0-6ed5de76d43e runner@fv-az749-590:~/work/datalad-getexec/datalad-getexec/.hypothesis timestamp=1677465460.711579993s
6f283139-6a7a-45e0-aaa6-3906d54460c7 runner@fv-az402-495:~/work/datalad-getexec/datalad-getexec/.hypothesis timestamp=1682993633.784170665s
713dfc25-1748-4d6f-a559-71af2d9f589a runner@fv-az574-308:~/work/datalad-getexec/datalad-getexec/.hypothesis timestamp=1678759983.745127805s
71a013b6-6dc5-4fe9-8619-556820165902 runner@fv-az305-236:~/work/datalad-getexec/datalad-getexec/.hypothesis timestamp=1685241049.272403187s
728d0f47-f9bf-4ff6-9cb5-242611bdbdca runner@fv-az613-223:~/work/datalad-getexec/datalad-getexec/.hypothesis timestamp=1675391799.088614823s
74bc6a62-7105-4170-914f-472c30760846 runner@fv-az482-250:~/work/datalad-getexec/datalad-getexec/.hypothesis timestamp=1678674416.657013704s
760f56fe-2ae8-457c-abbe-1ae345e2760b runner@fv-az247-154:~/work/datalad-getexec/datalad-getexec/.hypothesis timestamp=1679970184.122210576s
76b9fba4-c446-45f7-bfc0-bb69ace7dc91 runner@fv-az206-303:~/work/datalad-getexec/datalad-getexec/.hypothesis timestamp=1676082576.1505275s
78a90a19-9da3-4a11-9d1c-16214e28f437 runner@fv-az412-928:~/work/datalad-getexec/datalad-getexec/.hypothesis timestamp=1678416237.018913051s
7ba3eeb6-3d67-48bb-9010-0cca41a41ba9 runner@fv-az436-282:~/work/datalad-getexec/datalad-getexec/.hypothesis timestamp=1683598647.359689567s
7be9d82a-b803-46d8-bd29-f0aa6c8b3d06 runner@fv-az455-36:~/work/datalad-getexec/datalad-getexec/.hypothesis timestamp=1681092633.985873508s
7dc57846-8f54-4872-9d5e-b0f98404aaac runner@fv-az951-992:~/work/datalad-getexec/datalad-getexec/.hypothesis timestamp=1685327187.772322423s
7f057bcb-0a1b-4e3f-a83a-7873e94e28a9 runner@fv-az622-731:~/work/datalad-getexec/datalad-getexec/.hypothesis timestamp=1678501382.770779111s
804ef717-4dd2-454e-bd15-e52c2a52e624 runner@fv-az365-543:~/work/datalad-getexec/datalad-getexec/.hypothesis timestamp=1682216816.628320821s
80740f44-1288-4853-919f-c44fff6100e3 runner@fv-az268-845:~/work/datalad-getexec/datalad-getexec/.hypothesis timestamp=1685673456.82539975s
87c681c2-9c14-4638-b3d7-6a1fb4ad431d runner@fv-az562-425:~/work/datalad-getexec/datalad-getexec/.hypothesis timestamp=1674734350.519365069s
8a8e0ec0-a7a4-44a7-9f13-c52462edd2ae runner@fv-az365-926:~/work/datalad-getexec/datalad-getexec/.hypothesis timestamp=1676947115.462451406s
8aa2dd41-0806-4ddf-babd-32f385ab2ec3 runner@fv-az622-155:~/work/datalad-getexec/datalad-getexec/.hypothesis timestamp=1674647779.512218853s
8aa8ca0f-cd73-442e-bc60-ee32a5193afb runner@fv-az173-808:~/work/datalad-getexec/datalad-getexec/.hypothesis timestamp=1680747137.067502376s
8bebaebb-7050-49ef-9bc0-8d405f15d26f runner@fv-az471-725:~/work/datalad-getexec/datalad-getexec/.hypothesis timestamp=1686105767.851281796s
8c0775a3-264f-47f4-ad50-79772b2b30cb runner@fv-az210-508:~/work/datalad-getexec/datalad-getexec/.hypothesis timestamp=1677638834.574971618s
8c7c217d-6e01-4fd1-b905-ac21850aedeb runner@fv-az246-95:~/work/datalad-getexec/datalad-getexec/.hypothesis timestamp=1679451511.469406971s
8d37b9e3-02dd-4ee0-b2dc-a375d78c0be1 runner@fv-az810-285:~/work/datalad-getexec/datalad-getexec/.hypothesis timestamp=1681956764.876285911s
8db76ef7-6d5d-476b-9e50-d19e6a908a87 runner@fv-az362-178:~/work/datalad-getexec/datalad-getexec/.hypothesis timestamp=1680487830.939103824s
8f2f4643-cafd-42a2-87aa-812e79555808 runner@fv-az577-971:~/work/datalad-getexec/datalad-getexec/.hypothesis timestamp=1683771228.009794803s
8f3ecc6b-27d2-4ed1-b99d-a44e5780280d runner@fv-az1259-499:~/work/datalad-getexec/datalad-getexec/.hypothesis timestamp=1682648221.314264067s
92a448d5-e1bf-42b5-b237-ad3debfc1454 runner@fv-az993-662:~/work/datalad-getexec/datalad-getexec/.hypothesis timestamp=1684981075.61842685s
92fcbf12-4fc2-4bba-bd8f-26ae236245fc runner@fv-az482-816:~/work/datalad-getexec/datalad-getexec/.hypothesis timestamp=1684548765.960614445s
97bd7f9e-7531-4c7b-9d08-35ae4a221a5f runner@fv-az174-834:~/work/datalad-getexec/datalad-getexec/.hypothesis timestamp=1675823733.317644462s
9973982b-f6db-44a8-b94a-9012e4ae6eb6 runner@fv-az455-915:~/work/datalad-getexec/datalad-getexec/.hypothesis timestamp=1678847166.773677633s
9b36335d-9789-4ed7-a283-8f2d4b4c329b runner@fv-az851-777:~/work/datalad-getexec/datalad-getexec/.hypothesis timestamp=1680057015.263251343s
9e2f4025-bda0-464b-a218-a821251e86aa runner@fv-az247-585:~/work/datalad-getexec/datalad-getexec/.hypothesis timestamp=1684895028.086934862s
a01cd868-eb29-4451-956d-91c49898b7cc runner@fv-az446-880:~/work/datalad-getexec/datalad-getexec/.hypothesis timestamp=1685500908.683470987s
a0e19a9f-8276-4829-8824-3673be2c1795 runner@fv-az587-873:~/work/datalad-getexec/datalad-getexec/.hypothesis timestamp=1674456927.923791086s
a4484aab-bfec-4c44-8219-426ad806589a runner@fv-az262-248:~/work/datalad-getexec/datalad-getexec/.hypothesis timestamp=1686364342.145340216s
a52b710a-e739-4cce-a926-d41f81d21bb4 runner@fv-az438-673:~/work/datalad-getexec/datalad-getexec/.hypothesis timestamp=1680833442.883369691s
a861294a-be0f-41ba-a23e-35fa32e497d5 runner@fv-az577-81:~/work/datalad-getexec/datalad-getexec/.hypothesis timestamp=1674460978.2998837s
aa6e3e6a-9d83-42ad-a03c-7e58fc7b5858 runner@fv-az168-750:~/work/datalad-getexec/datalad-getexec/.hypothesis timestamp=1674054503.244602999s
aad7715b-9085-4d85-a35b-843a1dde0c13 runner@fv-az749-277:~/work/datalad-getexec/datalad-getexec/.hypothesis timestamp=1677816270.272826125s
ae01ab3a-f11d-4265-9f35-ec621e68ff5a runner@fv-az168-726:~/work/datalad-getexec/datalad-getexec/.hypothesis timestamp=1686192119.981722207s
aed63c06-5370-4c92-a310-5c2f675744a5 runner@fv-az407-667:~/work/datalad-getexec/datalad-getexec/.hypothesis timestamp=1674095948.857321519s
af48a3a7-daa1-4884-a934-380250caac3c runner@fv-az851-296:~/work/datalad-getexec/datalad-getexec/.hypothesis timestamp=1680919642.579356802s
af6693c8-c3a9-4cfc-bd47-62362e9fdf5a runner@fv-az306-773:~/work/datalad-getexec/datalad-getexec/.hypothesis timestamp=1684203634.130284212s
afc0c44c-3b75-47c4-95f0-ee7890b2fb4b runner@fv-az365-290:~/work/datalad-getexec/datalad-getexec/.hypothesis timestamp=1674441149.189552285s
b121a5fd-7336-41ce-b124-067c49e32066 runner@fv-az455-922:~/work/datalad-getexec/datalad-getexec/.hypothesis timestamp=1674959914.371483127s
b3ce10c6-d376-4183-8750-3167de966c3e runner@fv-az451-166:~/work/datalad-getexec/datalad-getexec/.hypothesis timestamp=1674355027.843850351s
b6be0edf-31b7-49a8-a374-25b10bd4945b runner@fv-az471-177:~/work/datalad-getexec/datalad-getexec/.hypothesis timestamp=1675195320.73405082s
b90763d1-d16a-42f0-b9e7-9b6d620d0196 runner@fv-az344-170:~/work/datalad-getexec/datalad-getexec/.hypothesis timestamp=1679624500.380064435s
b9242b3e-9b22-451c-9819-42562a757b29 runner@fv-az587-218:~/work/datalad-getexec/datalad-getexec/.hypothesis timestamp=1682907451.713697292s
bc9b7cdb-8b7d-41fd-8cca-7d8499eb9ec4 runner@fv-az455-267:~/work/datalad-getexec/datalad-getexec/.hypothesis timestamp=1676687489.621540665s
bdbca980-3703-4dcd-85c6-44b9b5839d3b github-lfs timestamp=1674048732.904473252s
be7f07f7-dd6a-43f5-9f9c-9e179f4d4576 runner@fv-az244-811:~/work/datalad-getexec/datalad-getexec/.hypothesis timestamp=1684117345.825305966s
c23f89dd-2491-4cb6-bbab-1cf6e9ad8899 runner@fv-az581-488:~/work/datalad-getexec/datalad-getexec/.hypothesis timestamp=1675263912.533644203s
c6cdd7bb-1100-436d-935b-483388d0b506 runner@fv-az247-719:~/work/datalad-getexec/datalad-getexec/.hypothesis timestamp=1678588498.266007888s
c944034c-fd2b-44f4-8862-46832de3156f runner@fv-az442-743:~/work/datalad-getexec/datalad-getexec/.hypothesis timestamp=1686278661.655787756s
cb87787c-b316-42f7-bbee-7ed7ad524027 runner@fv-az166-948:~/work/datalad-getexec/datalad-getexec/.hypothesis timestamp=1685413580.889348208s
cba100a5-1c44-413b-87c6-9ce7c91d3d4d runner@fv-az422-960:~/work/datalad-getexec/datalad-getexec/.hypothesis timestamp=1681438270.562951771s
cc712ab2-8dea-4c20-9c91-80dd97765d4a runner@fv-az487-979:~/work/datalad-getexec/datalad-getexec/.hypothesis timestamp=1684030902.387554709s
ccba507f-aeb5-49ef-9a9a-5749f65a619b runner@fv-az283-193:~/work/datalad-getexec/datalad-getexec/.hypothesis timestamp=1683426268.339802186s
cdabe8cb-fb25-4be2-87be-23e21a9d1771 runner@fv-az583-193:~/work/datalad-getexec/datalad-getexec/.hypothesis timestamp=1682043224.550567597s
cf86a9e8-8511-4551-827f-380956acd19b runner@fv-az402-912:~/work/datalad-getexec/datalad-getexec/.hypothesis timestamp=1682129669.713447062s
d0b9eb5d-fdf5-4313-b048-3f0ac18ac9f4 runner@fv-az444-413:~/work/datalad-getexec/datalad-getexec/.hypothesis timestamp=1674822625.843045282s
d2690f91-dd70-4a6d-a85f-63a0c707d753 runner@fv-az438-856:~/work/datalad-getexec/datalad-getexec/.hypothesis timestamp=1674818517.989887995s
d2d98ee0-e697-4e16-93d9-30b8b6248247 runner@fv-az593-114:~/work/datalad-getexec/datalad-getexec/.hypothesis timestamp=1682820906.083780042s
d4bf679a-a2e4-4a17-aa0f-31bf131d2d76 runner@fv-az560-806:~/work/datalad-getexec/datalad-getexec/.hypothesis timestamp=1683857486.935016403s
d8930a9f-6220-46d6-8c4e-b71e706f3a02 runner@fv-az563-470:~/work/datalad-getexec/datalad-getexec/.hypothesis timestamp=1674730809.441887743s
d8e2929b-569c-424d-ab5b-8c9c9b990f38 runner@fv-az451-635:~/work/datalad-getexec/datalad-getexec/.hypothesis timestamp=1676601587.771407449s
da187942-76f3-435f-b600-3ba609f505a9 runner@fv-az370-552:~/work/datalad-getexec/datalad-getexec/.hypothesis timestamp=1674752737.335835796s
dc2cbe1f-10e7-4c31-b39e-7ff73b74f5b2 runner@fv-az254-395:~/work/datalad-getexec/datalad-getexec/.hypothesis timestamp=1674744798.084206512s
dd4a19a4-b4e5-45f1-8632-f16f45bdbc0a runner@fv-az221-34:~/work/datalad-getexec/datalad-getexec/.hypothesis timestamp=1674268252.624142839s
ddba3616-187d-405e-8176-1df5188662d5 runner@fv-az491-751:~/work/datalad-getexec/datalad-getexec/.hypothesis timestamp=1679106270.626995994s
de1e7003-1d7e-49be-9672-92f2b97f5f61 runner@fv-az398-669:~/work/datalad-getexec/datalad-getexec/.hypothesis timestamp=1686451843.3938008s
de25cdfc-e66d-44da-a66c-16c354bd9ae0 runner@fv-az617-161:~/work/datalad-getexec/datalad-getexec/.hypothesis timestamp=1685067422.264166462s
df02501b-ddc2-47af-8d9c-0479698791c2 runner@fv-az361-550:~/work/datalad-getexec/datalad-getexec/.hypothesis timestamp=1683252625.606290063s
df8407af-1c11-4475-8469-d8f1fe006c58 runner@fv-az422-517:~/work/datalad-getexec/datalad-getexec/.hypothesis timestamp=1681265613.325592954s
e060240c-a1c1-4262-949b-032b8205aec0 runner@fv-az936-439:~/work/datalad-getexec/datalad-getexec/.hypothesis timestamp=1674786977.727333447s
e0af8404-5401-4839-9897-abc41bfffe8b runner@fv-az397-153:~/work/datalad-getexec/datalad-getexec/.hypothesis timestamp=1675996835.235232065s
e12cc9cd-98f6-4a3c-a038-54d27e404e55 runner@fv-az487-531:~/work/datalad-getexec/datalad-getexec/.hypothesis timestamp=1683079974.732431332s
e1a30509-3389-432e-a84f-38db5d2319cf runner@fv-az283-835:~/work/datalad-getexec/datalad-getexec/.hypothesis timestamp=1677379490.637268221s
e403e0dc-1b1b-41c5-8b7b-31039f689886 runner@fv-az470-976:~/work/datalad-getexec/datalad-getexec/.hypothesis timestamp=1679797564.716097022s
e434467d-1296-48e5-aac1-96d20deebce4 runner@fv-az741-360:~/work/datalad-getexec/datalad-getexec/.hypothesis timestamp=1681697660.557404354s
e5d03cf9-431d-4fe9-8d4e-c8707a2fe245 runner@fv-az616-668:~/work/datalad-getexec/datalad-getexec/.hypothesis timestamp=1675219688.110066911s
e93cb437-3c2b-41b7-84d8-7781329ac17c runner@fv-az573-89:~/work/datalad-getexec/datalad-getexec/.hypothesis timestamp=1674700370.549540603s
e9ad532f-b513-4143-b012-218f295b83a7 runner@fv-az392-95:~/work/datalad-getexec/datalad-getexec/.hypothesis timestamp=1675910160.992782912s
ec76559e-f7f1-4987-9cf0-a4a8d42c4ef5 runner@fv-az735-5:~/work/datalad-getexec/datalad-getexec/.hypothesis timestamp=1683166349.073168212s
ee7738dd-e03a-4431-a35e-7a70996c2db8 runner@fv-az1248-607:~/work/datalad-getexec/datalad-getexec/.hypothesis timestamp=1683338974.553230494s
f4738b95-e9f1-4451-93ce-bccd52e0b59c runner@fv-az436-606:~/work/datalad-getexec/datalad-getexec/.hypothesis timestamp=1677984500.065907866s
f4fb203d-5603-46fe-94d1-44b5ab6cca96 runner@fv-az343-200:~/work/datalad-getexec/datalad-getexec/.hypothesis timestamp=1674873259.16338912s
f5d704be-31f4-4100-8653-8b7b45da3e5d runner@fv-az417-562:~/work/datalad-getexec/datalad-getexec/.hypothesis timestamp=1684290051.784550377s
f7402770-9544-4a3d-badd-a740ca43ef4d runner@fv-az809-413:~/work/datalad-getexec/datalad-getexec/.hypothesis timestamp=1685932778.435359495s
f7da3150-e949-4ef3-8df5-0a15ef8f1998 runner@fv-az576-10:~/work/datalad-getexec/datalad-getexec/.hypothesis timestamp=1677897166.545221095s
f823a160-f21f-4256-8455-1d523a706073 runner@fv-az409-225:~/work/datalad-getexec/datalad-getexec/.hypothesis timestamp=1686019475.334018128s
f89a08ee-02d5-4ada-9500-80ac38ff6851 runner@fv-az571-192:~/work/datalad-getexec/datalad-getexec/.hypothesis timestamp=1678070413.384314807s
f91e17d1-d774-4cd3-b3f1-917e6a20fe40 runner@fv-az586-166:~/work/datalad-getexec/datalad-getexec/.hypothesis timestamp=1675045821.79652209s
fabbf5fe-298d-4f19-ad49-11405f643134 runner@fv-az178-505:~/work/datalad-getexec/datalad-getexec/.hypothesis timestamp=1675650470.346941481s
fac8277a-2aea-4527-b59d-edd83636ec6f runner@fv-az485-493:~/work/datalad-getexec/datalad-getexec/.hypothesis timestamp=1675242729.51401835s
fb2e5bfe-f425-4f61-8b16-7c21455bf088 runner@fv-az254-963:~/work/datalad-getexec/datalad-getexec/.hypothesis timestamp=1676255751.807112861s
fb524cca-4f62-4781-a716-d31df701a90b runner@fv-az363-264:~/work/datalad-getexec/datalad-getexec/.hypothesis timestamp=1677033380.612237781s
fc4d32b5-cefc-42a4-a6cf-3304dad5baa9 runner@fv-az175-639:~/work/datalad-getexec/datalad-getexec/.hypothesis timestamp=1683512311.124344311s
fcf6da98-302d-4c18-be16-8f9f513e1c0b runner@fv-az455-474:~/work/datalad-getexec/datalad-getexec/.hypothesis timestamp=1679193265.945714658s
fe70583d-7904-4790-b3ab-03ef40a4ea34 runner@fv-az359-188:~/work/datalad-getexec/datalad-getexec/.hypothesis timestamp=1684376139.041132886s
feb9834a-b4a8-40db-b4a1-231ea21c9140 runner@fv-az409-232:~/work/datalad-getexec/datalad-getexec/.hypothesis timestamp=1674527456.00417046s
ff4b2ba2-274a-4426-84c3-9acf0e7a2749 runner@fv-az573-716:~/work/datalad-getexec/datalad-getexec/.hypothesis timestamp=1675305213.457929432s
