1674814110.303591891s 1 05580875-f9c8-4f85-9bd3-c978419b1d65
1676342220.544953174s 1 06293a10-928c-49cb-bda8-bf938945a1f7
1684808526.361511112s 1 083b0df1-dca5-42e5-81d5-40d80b10127b
1682561720.701217424s 1 0883e5da-9319-4897-b09f-00243afac0fc
1679883494.104297532s 1 0ae362bb-868b-47b2-a823-5335345af989
1677724931.114396941s 1 0afccb4c-7b4f-4201-b19c-bc6affd5163d
1679019897.082669079s 1 0c6626dc-e515-4f8a-96bd-5a16a8c5221c
1680143034.891841533s 1 0c963006-6d03-489a-87ee-0b16626b1a9c
1681870863.600384428s 1 0cdf647c-655d-404d-a00b-d7a9898896b1
1677292637.284192876s 1 11393677-981e-4385-a547-a5bdc0c1b36d
1680401679.984795365s 1 1150597d-6114-4380-9e55-bcc996272ec0
1676428704.457021218s 1 11d82b3d-755a-4b9b-a099-4d4d73c15ee0
1676169352.194317925s 1 155deae8-66cf-4545-9852-5754027d8ce3
1686968682.239198374s 1 165d6367-ace8-4504-abdd-b5d9f8d71db5
1681006466.789252984s 1 186625f2-dae1-4ec3-91bc-936b82ed8526
1682734467.306383619s 1 1a0ac436-0402-4e87-a199-683f7b6d5849
1674755505.009076864s 1 1be975d9-0f45-4ac0-a7ee-389807c945cd
1683684800.253682946s 1 20d7b8bd-f1fa-41ca-92bc-dc410482aa79
1678157238.333051527s 1 21b8af7c-1f9e-422d-b813-3bf933639f96
1682302862.47523656s 1 2291f26c-e54e-43bf-8912-500c760bea8c
1682389012.990470741s 1 22a582fa-4cdd-43e8-aa74-93e573a3e921
1674755304.648768924s 1 23655a98-8a64-4498-b81c-7df84215998c
1675132782.792998516s 1 23e7b141-558f-4aa2-832f-199591fb6c09
1677551844.918130893s 1 246b8c47-52ff-4874-9be3-915dc0c4bbe2
1677206116.893540664s 1 2598f3b6-e507-4ab3-895e-0eb7baf85e23
1679537755.771816865s 1 2835142d-70a5-4472-8ae6-f5f030435c9e
1680229490.712810258s 1 28c9c6a1-59a9-4770-866a-2e0c746b35a9
1684635973.299952852s 1 2a3c9c61-9069-401b-9a28-605179ef7c19
1685153688.381915022s 1 2c894b45-d0ae-4365-b25a-1b48a4eb7ae5
1680660155.229876578s 1 30165332-784d-4e26-87dd-2530698aa273
1682475359.330840405s 1 30890747-4710-4c50-8d6c-64d08ec41dc6
1686796142.665132733s 1 33f7b39d-9293-49ca-94d9-b32031f48f27
1679279524.468970508s 1 34bd421a-8e1a-4bd4-a01f-0aa98787be15
1678329716.519416686s 1 377b01d7-7dec-485f-9f32-9a63893944bb
1678933708.271522611s 1 38ff7c31-de30-4d91-a428-aff84c2d1647
1680315278.53716591s 1 3b08885d-46fe-4d02-af43-770a2de8e17a
1683943926.97193505s 1 3ba9d542-c731-4066-ae07-6d6582f6dd29
1686623434.013366876s 1 42431862-714e-4f17-bedf-6b0568ef45c3
1681524899.458515399s 1 4456a2ff-aa14-4f0c-b895-8c4a0f879dfc
1681352002.316762322s 1 44c58c42-8811-4dc6-95ab-a494167262d7
1678243285.154310205s 1 4d0794df-061a-4f0e-b52b-b2c4f0a871f0
1679710510.800517209s 1 4e91f6f5-97a9-4c53-935f-3c46982f75ba
1675477564.065848954s 1 4ea9619d-b658-4a69-9dba-b95ec4c5a955
1677119673.528772356s 1 4f0bb1b5-cc2b-4eb5-a03a-9e25490709fd
1681611840.293422431s 1 4fe3c2e3-e906-4af2-bf9a-718d8ff9041b
1680574560.922654633s 1 52c4fb57-152f-46b7-a12c-04f3dedf2ce5
1675564670.816193996s 1 546b9b28-88aa-4dd5-8cc6-6795e57cbc91
1684462687.803048705s 1 54fb19e6-9be8-4eef-8ce2-3d997ef05f77
1681179200.147393548s 1 578d21fe-3a72-46d4-8797-ea5a88eaa933
1684722407.320444983s 1 596001ae-606c-4d30-9c2b-0042bdc4c222
1675736928.965519116s 1 5bfa8337-7aa4-4786-83d3-3c9a66ada7a0
1676514964.21027585s 1 5c1cfa1c-5497-417b-8494-b5d6f15c7386
1685847346.306961779s 1 5f194865-eb3d-4a54-9940-ae66a0ee105f
1676774266.127340123s 1 5facd196-dca6-4103-ad66-bf5979a6fcd6
1681783984.805527448s 1 61d2d32c-8ea2-44cc-abf9-9c06bb339e31
1685759663.341809115s 1 6a991ccc-b175-4aa1-9c5b-45d01d77f1c2
1679364806.370688454s 1 6b7e8117-a4fe-4e8c-b6bd-807ee28fb222
1685588417.313541299s 1 6baac793-fcdd-4a31-aea6-ac38dc4f890e
1676860810.913145704s 1 6c7d5303-bba6-4d90-9337-9f0e97825f26
1677465489.920943758s 1 6db04431-44e5-47f5-96d0-6ed5de76d43e
1682993680.822117227s 1 6f283139-6a7a-45e0-aaa6-3906d54460c7
1678760052.383903621s 1 713dfc25-1748-4d6f-a559-71af2d9f589a
1685241080.657517746s 1 71a013b6-6dc5-4fe9-8619-556820165902
1675391823.443437977s 1 728d0f47-f9bf-4ff6-9cb5-242611bdbdca
1686709802.564439547s 1 73acee66-3bec-43c5-a557-05453523992e
1678674473.834207309s 1 74bc6a62-7105-4170-914f-472c30760846
1679970229.464338989s 1 760f56fe-2ae8-457c-abbe-1ae345e2760b
1676082619.612817592s 1 76b9fba4-c446-45f7-bfc0-bb69ace7dc91
1678416287.097866484s 1 78a90a19-9da3-4a11-9d1c-16214e28f437
1683598679.323720198s 1 7ba3eeb6-3d67-48bb-9010-0cca41a41ba9
1681092701.361476421s 1 7be9d82a-b803-46d8-bd29-f0aa6c8b3d06
1685327254.973965711s 1 7dc57846-8f54-4872-9d5e-b0f98404aaac
1678501433.151794149s 1 7f057bcb-0a1b-4e3f-a83a-7873e94e28a9
1682216848.18760263s 1 804ef717-4dd2-454e-bd15-e52c2a52e624
1685673520.513094143s 1 80740f44-1288-4853-919f-c44fff6100e3
1674734366.043155019s 1 87c681c2-9c14-4638-b3d7-6a1fb4ad431d
1676947142.459521438s 1 8a8e0ec0-a7a4-44a7-9f13-c52462edd2ae
1680747162.582938581s 1 8aa8ca0f-cd73-442e-bc60-ee32a5193afb
1686105835.282113445s 1 8bebaebb-7050-49ef-9bc0-8d405f15d26f
1677638878.601057362s 1 8c0775a3-264f-47f4-ad50-79772b2b30cb
1679451537.136577651s 1 8c7c217d-6e01-4fd1-b905-ac21850aedeb
1681956794.058171329s 1 8d37b9e3-02dd-4ee0-b2dc-a375d78c0be1
1680487856.087393991s 1 8db76ef7-6d5d-476b-9e50-d19e6a908a87
1683771292.592704869s 1 8f2f4643-cafd-42a2-87aa-812e79555808
1682648249.154157561s 1 8f3ecc6b-27d2-4ed1-b99d-a44e5780280d
1684981133.31649289s 1 92a448d5-e1bf-42b5-b237-ad3debfc1454
1684548823.834070068s 1 92fcbf12-4fc2-4bba-bd8f-26ae236245fc
1675823757.691732626s 1 97bd7f9e-7531-4c7b-9d08-35ae4a221a5f
1678847227.97577318s 1 9973982b-f6db-44a8-b94a-9012e4ae6eb6
1680057043.4439178s 1 9b36335d-9789-4ed7-a283-8f2d4b4c329b
1684895084.334396983s 1 9e2f4025-bda0-464b-a218-a821251e86aa
1685500937.199686458s 1 a01cd868-eb29-4451-956d-91c49898b7cc
1686364409.379164562s 1 a4484aab-bfec-4c44-8219-426ad806589a
1680833470.389400835s 1 a52b710a-e739-4cce-a926-d41f81d21bb4
1677816311.991292094s 1 aad7715b-9085-4d85-a35b-843a1dde0c13
1686192173.655031034s 1 ae01ab3a-f11d-4265-9f35-ec621e68ff5a
1680919672.017473065s 1 af48a3a7-daa1-4884-a934-380250caac3c
1684203663.45385532s 1 af6693c8-c3a9-4cfc-bd47-62362e9fdf5a
1674959970.179793069s 1 b121a5fd-7336-41ce-b124-067c49e32066
1675195377.204716615s 1 b6be0edf-31b7-49a8-a374-25b10bd4945b
1679624548.617254233s 1 b90763d1-d16a-42f0-b9e7-9b6d620d0196
1682907500.669705296s 1 b9242b3e-9b22-451c-9819-42562a757b29
1676687546.189478842s 1 bc9b7cdb-8b7d-41fd-8cca-7d8499eb9ec4
1674731126.491133285s 1 bdbca980-3703-4dcd-85c6-44b9b5839d3b
1684117393.544478956s 1 be7f07f7-dd6a-43f5-9f9c-9e179f4d4576
1675263964.268359493s 1 c23f89dd-2491-4cb6-bbab-1cf6e9ad8899
1678588544.945001434s 1 c6cdd7bb-1100-436d-935b-483388d0b506
1686278694.749967993s 1 c944034c-fd2b-44f4-8862-46832de3156f
1685413648.50615258s 1 cb87787c-b316-42f7-bbee-7ed7ad524027
1681438317.697681582s 1 cba100a5-1c44-413b-87c6-9ce7c91d3d4d
1684030955.085974396s 1 cc712ab2-8dea-4c20-9c91-80dd97765d4a
1683426318.298170066s 1 ccba507f-aeb5-49ef-9a9a-5749f65a619b
1682043255.585492877s 1 cdabe8cb-fb25-4be2-87be-23e21a9d1771
1682129699.888328274s 1 cf86a9e8-8511-4551-827f-380956acd19b
1674822650.092326909s 1 d0b9eb5d-fdf5-4313-b048-3f0ac18ac9f4
1674818562.769266913s 1 d2690f91-dd70-4a6d-a85f-63a0c707d753
1682820935.840896292s 1 d2d98ee0-e697-4e16-93d9-30b8b6248247
1683857515.993905525s 1 d4bf679a-a2e4-4a17-aa0f-31bf131d2d76
1674731119.086470309s 1 d8930a9f-6220-46d6-8c4e-b71e706f3a02
1676601639.129194135s 1 d8e2929b-569c-424d-ab5b-8c9c9b990f38
1674752758.081365579s 1 da187942-76f3-435f-b600-3ba609f505a9
1674744839.241322689s 1 dc2cbe1f-10e7-4c31-b39e-7ff73b74f5b2
1679106326.044618074s 1 ddba3616-187d-405e-8176-1df5188662d5
1686451892.822675722s 1 de1e7003-1d7e-49be-9672-92f2b97f5f61
1685067450.780134589s 1 de25cdfc-e66d-44da-a66c-16c354bd9ae0
1683252656.29441575s 1 df02501b-ddc2-47af-8d9c-0479698791c2
1681265659.883524192s 1 df8407af-1c11-4475-8469-d8f1fe006c58
1674787000.151573739s 1 e060240c-a1c1-4262-949b-032b8205aec0
1675996877.339873481s 1 e0af8404-5401-4839-9897-abc41bfffe8b
1683080022.392306929s 1 e12cc9cd-98f6-4a3c-a038-54d27e404e55
1677379539.038501453s 1 e1a30509-3389-432e-a84f-38db5d2319cf
1679797630.704552519s 1 e403e0dc-1b1b-41c5-8b7b-31039f689886
1681697718.430433544s 1 e434467d-1296-48e5-aac1-96d20deebce4
1675219730.256497711s 1 e5d03cf9-431d-4fe9-8d4e-c8707a2fe245
1675910205.387460331s 1 e9ad532f-b513-4143-b012-218f295b83a7
1683166378.370241697s 1 ec76559e-f7f1-4987-9cf0-a4a8d42c4ef5
1683339002.784553146s 1 ee7738dd-e03a-4431-a35e-7a70996c2db8
1677984527.278249914s 1 f4738b95-e9f1-4451-93ce-bccd52e0b59c
1686882571.88483998s 1 f4d00bfd-d886-4071-89e3-da43919e1298
1674873315.826166199s 1 f4fb203d-5603-46fe-94d1-44b5ab6cca96
1684290098.712111919s 1 f5d704be-31f4-4100-8653-8b7b45da3e5d
1685932806.853881446s 1 f7402770-9544-4a3d-badd-a740ca43ef4d
1677897231.50250005s 1 f7da3150-e949-4ef3-8df5-0a15ef8f1998
1686019523.455980977s 1 f823a160-f21f-4256-8455-1d523a706073
1678070481.521839173s 1 f89a08ee-02d5-4ada-9500-80ac38ff6851
1675045871.037773477s 1 f91e17d1-d774-4cd3-b3f1-917e6a20fe40
1675650528.387854295s 1 fabbf5fe-298d-4f19-ad49-11405f643134
1675242777.647914187s 1 fac8277a-2aea-4527-b59d-edd83636ec6f
1676255814.663166909s 1 fb2e5bfe-f425-4f61-8b16-7c21455bf088
1677033408.586744533s 1 fb524cca-4f62-4781-a716-d31df701a90b
1683512377.317714021s 1 fc4d32b5-cefc-42a4-a6cf-3304dad5baa9
1679193328.26641468s 1 fcf6da98-302d-4c18-be16-8f9f513e1c0b
1686537788.359379963s 1 fe33a158-1c6e-4861-8001-31e2a1d9116d
1684376167.763119557s 1 fe70583d-7904-4790-b3ab-03ef40a4ea34
1675305237.472726481s 1 ff4b2ba2-274a-4426-84c3-9acf0e7a2749
