1684808522.53168299s 1 083b0df1-dca5-42e5-81d5-40d80b10127b
1684635969.585221064s 1 2a3c9c61-9069-401b-9a28-605179ef7c19
1685153683.102262883s 1 2c894b45-d0ae-4365-b25a-1b48a4eb7ae5
1684462682.670115375s 1 54fb19e6-9be8-4eef-8ce2-3d997ef05f77
1684722402.251446108s 1 596001ae-606c-4d30-9c2b-0042bdc4c222
1685847344.2677731s 1 5f194865-eb3d-4a54-9940-ae66a0ee105f
1685759661.107594849s 1 6a991ccc-b175-4aa1-9c5b-45d01d77f1c2
1685588413.946715244s 1 6baac793-fcdd-4a31-aea6-ac38dc4f890e
1685241078.232690599s 1 71a013b6-6dc5-4fe9-8619-556820165902
1685327250.152077092s 1 7dc57846-8f54-4872-9d5e-b0f98404aaac
1685673515.482978415s 1 80740f44-1288-4853-919f-c44fff6100e3
1686105830.442573264s 1 8bebaebb-7050-49ef-9bc0-8d405f15d26f
1684981128.781584215s 1 92a448d5-e1bf-42b5-b237-ad3debfc1454
1684548819.013046645s 1 92fcbf12-4fc2-4bba-bd8f-26ae236245fc
1684895080.239446589s 1 9e2f4025-bda0-464b-a218-a821251e86aa
1685500935.123798342s 1 a01cd868-eb29-4451-956d-91c49898b7cc
1686364403.630354536s 1 a4484aab-bfec-4c44-8219-426ad806589a
1686192169.914405718s 1 ae01ab3a-f11d-4265-9f35-ec621e68ff5a
1684298316.561447142s 1 bdbca980-3703-4dcd-85c6-44b9b5839d3b
1686278692.226797352s 1 c944034c-fd2b-44f4-8862-46832de3156f
1685413642.842688016s 1 cb87787c-b316-42f7-bbee-7ed7ad524027
1685067448.728805914s 1 de25cdfc-e66d-44da-a66c-16c354bd9ae0
1684298314.331903905s 1 f5d704be-31f4-4100-8653-8b7b45da3e5d
1685932804.710007049s 1 f7402770-9544-4a3d-badd-a740ca43ef4d
1686019519.507942948s 1 f823a160-f21f-4256-8455-1d523a706073
1684376165.372374112s 1 fe70583d-7904-4790-b3ab-03ef40a4ea34
