1674814098.745151276s 1 05580875-f9c8-4f85-9bd3-c978419b1d65
1676342207.005674134s 1 06293a10-928c-49cb-bda8-bf938945a1f7
1682561694.257715436s 1 0883e5da-9319-4897-b09f-00243afac0fc
1679883456.368538302s 1 0ae362bb-868b-47b2-a823-5335345af989
1677724914.878734682s 1 0afccb4c-7b4f-4201-b19c-bc6affd5163d
1679019883.064550532s 1 0c6626dc-e515-4f8a-96bd-5a16a8c5221c
1680143021.080383297s 1 0c963006-6d03-489a-87ee-0b16626b1a9c
1681870846.785238458s 1 0cdf647c-655d-404d-a00b-d7a9898896b1
1677292610.15477565s 1 11393677-981e-4385-a547-a5bdc0c1b36d
1680401665.691665455s 1 1150597d-6114-4380-9e55-bcc996272ec0
1676428680.379358878s 1 11d82b3d-755a-4b9b-a099-4d4d73c15ee0
1676169339.080847458s 1 155deae8-66cf-4545-9852-5754027d8ce3
1681006440.435676489s 1 186625f2-dae1-4ec3-91bc-936b82ed8526
1674645117.947655109s 1 18ee5e58-d328-4da2-8f08-e840b1af1302
1682734441.139057111s 1 1a0ac436-0402-4e87-a199-683f7b6d5849
1674755478.766674901s 1 1be975d9-0f45-4ac0-a7ee-389807c945cd
1683684782.795627413s 1 20d7b8bd-f1fa-41ca-92bc-dc410482aa79
1678157221.613772142s 1 21b8af7c-1f9e-422d-b813-3bf933639f96
1682302834.205966469s 1 2291f26c-e54e-43bf-8912-500c760bea8c
1682388986.275503099s 1 22a582fa-4cdd-43e8-aa74-93e573a3e921
1674755294.657857162s 1 23655a98-8a64-4498-b81c-7df84215998c
1675132753.136825323s 1 23e7b141-558f-4aa2-832f-199591fb6c09
1677551807.72578714s 1 246b8c47-52ff-4874-9be3-915dc0c4bbe2
1677206089.600289884s 1 2598f3b6-e507-4ab3-895e-0eb7baf85e23
1679537742.796734362s 1 2835142d-70a5-4472-8ae6-f5f030435c9e
1680229452.063000161s 1 28c9c6a1-59a9-4770-866a-2e0c746b35a9
1680660117.02016171s 1 30165332-784d-4e26-87dd-2530698aa273
1682475343.459474094s 1 30890747-4710-4c50-8d6c-64d08ec41dc6
1679279483.735888749s 1 34bd421a-8e1a-4bd4-a01f-0aa98787be15
1678329679.756986359s 1 377b01d7-7dec-485f-9f32-9a63893944bb
1678933665.212509049s 1 38ff7c31-de30-4d91-a428-aff84c2d1647
1680315242.197759993s 1 3b08885d-46fe-4d02-af43-770a2de8e17a
1683943910.88956698s 1 3ba9d542-c731-4066-ae07-6d6582f6dd29
1681524860.741810509s 1 4456a2ff-aa14-4f0c-b895-8c4a0f879dfc
1681351964.434949461s 1 44c58c42-8811-4dc6-95ab-a494167262d7
1678243270.095071239s 1 4d0794df-061a-4f0e-b52b-b2c4f0a871f0
1679710485.793151055s 1 4e91f6f5-97a9-4c53-935f-3c46982f75ba
1675477548.521919069s 1 4ea9619d-b658-4a69-9dba-b95ec4c5a955
1677119660.615610779s 1 4f0bb1b5-cc2b-4eb5-a03a-9e25490709fd
1681611811.872053569s 1 4fe3c2e3-e906-4af2-bf9a-718d8ff9041b
1680574545.675506454s 1 52c4fb57-152f-46b7-a12c-04f3dedf2ce5
1675564656.091177206s 1 546b9b28-88aa-4dd5-8cc6-6795e57cbc91
1681179166.321525155s 1 578d21fe-3a72-46d4-8797-ea5a88eaa933
1675736899.587462064s 1 5bfa8337-7aa4-4786-83d3-3c9a66ada7a0
1676514949.849764781s 1 5c1cfa1c-5497-417b-8494-b5d6f15c7386
1676774241.33988613s 1 5facd196-dca6-4103-ad66-bf5979a6fcd6
1681783956.373040135s 1 61d2d32c-8ea2-44cc-abf9-9c06bb339e31
1679364790.108363047s 1 6b7e8117-a4fe-4e8c-b6bd-807ee28fb222
1676860772.967641743s 1 6c7d5303-bba6-4d90-9337-9f0e97825f26
1677465474.577631305s 1 6db04431-44e5-47f5-96d0-6ed5de76d43e
1682993654.541615006s 1 6f283139-6a7a-45e0-aaa6-3906d54460c7
1678760012.365754563s 1 713dfc25-1748-4d6f-a559-71af2d9f589a
1675391809.987534044s 1 728d0f47-f9bf-4ff6-9cb5-242611bdbdca
1678674440.83815841s 1 74bc6a62-7105-4170-914f-472c30760846
1679970203.549710497s 1 760f56fe-2ae8-457c-abbe-1ae345e2760b
1676082596.474639263s 1 76b9fba4-c446-45f7-bfc0-bb69ace7dc91
1678416259.059527289s 1 78a90a19-9da3-4a11-9d1c-16214e28f437
1683598659.087538049s 1 7ba3eeb6-3d67-48bb-9010-0cca41a41ba9
1681092661.722696132s 1 7be9d82a-b803-46d8-bd29-f0aa6c8b3d06
1678501401.666370434s 1 7f057bcb-0a1b-4e3f-a83a-7873e94e28a9
1682216830.213162878s 1 804ef717-4dd2-454e-bd15-e52c2a52e624
1674734358.30763524s 1 87c681c2-9c14-4638-b3d7-6a1fb4ad431d
1676947126.76395535s 1 8a8e0ec0-a7a4-44a7-9f13-c52462edd2ae
1674647788.815195269s 1 8aa2dd41-0806-4ddf-babd-32f385ab2ec3
1680747147.963299996s 1 8aa8ca0f-cd73-442e-bc60-ee32a5193afb
1677638853.896402736s 1 8c0775a3-264f-47f4-ad50-79772b2b30cb
1679451523.198463107s 1 8c7c217d-6e01-4fd1-b905-ac21850aedeb
1681956777.126128357s 1 8d37b9e3-02dd-4ee0-b2dc-a375d78c0be1
1680487841.942181247s 1 8db76ef7-6d5d-476b-9e50-d19e6a908a87
1683771255.5522271s 1 8f2f4643-cafd-42a2-87aa-812e79555808
1682648234.099636645s 1 8f3ecc6b-27d2-4ed1-b99d-a44e5780280d
1675823745.242429502s 1 97bd7f9e-7531-4c7b-9d08-35ae4a221a5f
1678847192.690968292s 1 9973982b-f6db-44a8-b94a-9012e4ae6eb6
1680057027.598463022s 1 9b36335d-9789-4ed7-a283-8f2d4b4c329b
1680833454.82685638s 1 a52b710a-e739-4cce-a926-d41f81d21bb4
1677816283.107025064s 1 aad7715b-9085-4d85-a35b-843a1dde0c13
1680919655.439920477s 1 af48a3a7-daa1-4884-a934-380250caac3c
1674959940.010506275s 1 b121a5fd-7336-41ce-b124-067c49e32066
1675195347.770519129s 1 b6be0edf-31b7-49a8-a374-25b10bd4945b
1679624520.741231507s 1 b90763d1-d16a-42f0-b9e7-9b6d620d0196
1682907472.821136704s 1 b9242b3e-9b22-451c-9819-42562a757b29
1676687514.346972871s 1 bc9b7cdb-8b7d-41fd-8cca-7d8499eb9ec4
1674645122.64338801s 1 bdbca980-3703-4dcd-85c6-44b9b5839d3b
1675263935.91589967s 1 c23f89dd-2491-4cb6-bbab-1cf6e9ad8899
1678588518.467748104s 1 c6cdd7bb-1100-436d-935b-483388d0b506
1681438290.469586975s 1 cba100a5-1c44-413b-87c6-9ce7c91d3d4d
1684030924.036638986s 1 cc712ab2-8dea-4c20-9c91-80dd97765d4a
1683426289.555596793s 1 ccba507f-aeb5-49ef-9a9a-5749f65a619b
1682043238.012556866s 1 cdabe8cb-fb25-4be2-87be-23e21a9d1771
1682129682.600837339s 1 cf86a9e8-8511-4551-827f-380956acd19b
1674822638.489314461s 1 d0b9eb5d-fdf5-4313-b048-3f0ac18ac9f4
1674818538.981055142s 1 d2690f91-dd70-4a6d-a85f-63a0c707d753
1682820919.872973193s 1 d2d98ee0-e697-4e16-93d9-30b8b6248247
1683857499.420112532s 1 d4bf679a-a2e4-4a17-aa0f-31bf131d2d76
1674730818.815089215s 1 d8930a9f-6220-46d6-8c4e-b71e706f3a02
1676601615.614756139s 1 d8e2929b-569c-424d-ab5b-8c9c9b990f38
1674752747.625343305s 1 da187942-76f3-435f-b600-3ba609f505a9
1674744817.317716398s 1 dc2cbe1f-10e7-4c31-b39e-7ff73b74f5b2
1679106293.964960888s 1 ddba3616-187d-405e-8176-1df5188662d5
1683252638.771786036s 1 df02501b-ddc2-47af-8d9c-0479698791c2
1681265632.586977985s 1 df8407af-1c11-4475-8469-d8f1fe006c58
1674786989.14383952s 1 e060240c-a1c1-4262-949b-032b8205aec0
1675996854.170647771s 1 e0af8404-5401-4839-9897-abc41bfffe8b
1683079995.458534263s 1 e12cc9cd-98f6-4a3c-a038-54d27e404e55
1677379512.176334539s 1 e1a30509-3389-432e-a84f-38db5d2319cf
1679797592.173358945s 1 e403e0dc-1b1b-41c5-8b7b-31039f689886
1681697685.664647101s 1 e434467d-1296-48e5-aac1-96d20deebce4
1675219708.698738281s 1 e5d03cf9-431d-4fe9-8d4e-c8707a2fe245
1674700397.011221463s 1 e93cb437-3c2b-41b7-84d8-7781329ac17c
1675910182.278736916s 1 e9ad532f-b513-4143-b012-218f295b83a7
1683166362.517209152s 1 ec76559e-f7f1-4987-9cf0-a4a8d42c4ef5
1683338985.86797005s 1 ee7738dd-e03a-4431-a35e-7a70996c2db8
1677984510.885036432s 1 f4738b95-e9f1-4451-93ce-bccd52e0b59c
1674873285.498993735s 1 f4fb203d-5603-46fe-94d1-44b5ab6cca96
1677897194.058397864s 1 f7da3150-e949-4ef3-8df5-0a15ef8f1998
1678070439.642826457s 1 f89a08ee-02d5-4ada-9500-80ac38ff6851
1675045845.149091235s 1 f91e17d1-d774-4cd3-b3f1-917e6a20fe40
1675650495.982263624s 1 fabbf5fe-298d-4f19-ad49-11405f643134
1675242751.651860707s 1 fac8277a-2aea-4527-b59d-edd83636ec6f
1676255780.768642298s 1 fb2e5bfe-f425-4f61-8b16-7c21455bf088
1677033394.003363957s 1 fb524cca-4f62-4781-a716-d31df701a90b
1683512338.64931961s 1 fc4d32b5-cefc-42a4-a6cf-3304dad5baa9
1679193289.531563943s 1 fcf6da98-302d-4c18-be16-8f9f513e1c0b
1675305225.066466434s 1 ff4b2ba2-274a-4426-84c3-9acf0e7a2749
