1674814106.549309004s 1 05580875-f9c8-4f85-9bd3-c978419b1d65
1676342216.067556354s 1 06293a10-928c-49cb-bda8-bf938945a1f7
1684808512.720660274s 1 083b0df1-dca5-42e5-81d5-40d80b10127b
1682561710.757640435s 1 0883e5da-9319-4897-b09f-00243afac0fc
1679883479.345586625s 1 0ae362bb-868b-47b2-a823-5335345af989
1677724925.40784859s 1 0afccb4c-7b4f-4201-b19c-bc6affd5163d
1679019891.679535898s 1 0c6626dc-e515-4f8a-96bd-5a16a8c5221c
1680143029.616944033s 1 0c963006-6d03-489a-87ee-0b16626b1a9c
1681870856.897999521s 1 0cdf647c-655d-404d-a00b-d7a9898896b1
1677292626.883583456s 1 11393677-981e-4385-a547-a5bdc0c1b36d
1680401674.237087584s 1 1150597d-6114-4380-9e55-bcc996272ec0
1676428696.424182354s 1 11d82b3d-755a-4b9b-a099-4d4d73c15ee0
1676169348.265654296s 1 155deae8-66cf-4545-9852-5754027d8ce3
1681006456.605651222s 1 186625f2-dae1-4ec3-91bc-936b82ed8526
1674637801.500145889s 1 18ee5e58-d328-4da2-8f08-e840b1af1302
1682734457.774314631s 1 1a0ac436-0402-4e87-a199-683f7b6d5849
1674755496.494499087s 1 1be975d9-0f45-4ac0-a7ee-389807c945cd
1683684793.486453498s 1 20d7b8bd-f1fa-41ca-92bc-dc410482aa79
1678157231.658309641s 1 21b8af7c-1f9e-422d-b813-3bf933639f96
1682302851.603728988s 1 2291f26c-e54e-43bf-8912-500c760bea8c
1682389002.670413033s 1 22a582fa-4cdd-43e8-aa74-93e573a3e921
1674755301.284583392s 1 23655a98-8a64-4498-b81c-7df84215998c
1675132772.659881963s 1 23e7b141-558f-4aa2-832f-199591fb6c09
1677551831.935476801s 1 246b8c47-52ff-4874-9be3-915dc0c4bbe2
1677206106.641457014s 1 2598f3b6-e507-4ab3-895e-0eb7baf85e23
1679537750.650004273s 1 2835142d-70a5-4472-8ae6-f5f030435c9e
1680229476.284589173s 1 28c9c6a1-59a9-4770-866a-2e0c746b35a9
1684635963.238394726s 1 2a3c9c61-9069-401b-9a28-605179ef7c19
1685153674.05318458s 1 2c894b45-d0ae-4365-b25a-1b48a4eb7ae5
1674613939.118487541s 1 2d4dc673-94fa-4aa1-8d7b-de78372dc9b0
1680660141.073335222s 1 30165332-784d-4e26-87dd-2530698aa273
1682475353.444126832s 1 30890747-4710-4c50-8d6c-64d08ec41dc6
1679279511.404855369s 1 34bd421a-8e1a-4bd4-a01f-0aa98787be15
1678329702.503892956s 1 377b01d7-7dec-485f-9f32-9a63893944bb
1678933694.523370186s 1 38ff7c31-de30-4d91-a428-aff84c2d1647
1680315264.823020871s 1 3b08885d-46fe-4d02-af43-770a2de8e17a
1683943920.795333615s 1 3ba9d542-c731-4066-ae07-6d6582f6dd29
1681524884.029575937s 1 4456a2ff-aa14-4f0c-b895-8c4a0f879dfc
1681351987.528043867s 1 44c58c42-8811-4dc6-95ab-a494167262d7
1678243279.471256506s 1 4d0794df-061a-4f0e-b52b-b2c4f0a871f0
1679710501.051547795s 1 4e91f6f5-97a9-4c53-935f-3c46982f75ba
1675477559.06972688s 1 4ea9619d-b658-4a69-9dba-b95ec4c5a955
1677119668.808935091s 1 4f0bb1b5-cc2b-4eb5-a03a-9e25490709fd
1681611829.525663794s 1 4fe3c2e3-e906-4af2-bf9a-718d8ff9041b
1680574555.300682003s 1 52c4fb57-152f-46b7-a12c-04f3dedf2ce5
1675564666.03370777s 1 546b9b28-88aa-4dd5-8cc6-6795e57cbc91
1684462673.451425454s 1 54fb19e6-9be8-4eef-8ce2-3d997ef05f77
1681179187.04863128s 1 578d21fe-3a72-46d4-8797-ea5a88eaa933
1684722393.042971846s 1 596001ae-606c-4d30-9c2b-0042bdc4c222
1675736920.277269125s 1 5bfa8337-7aa4-4786-83d3-3c9a66ada7a0
1676514959.070136261s 1 5c1cfa1c-5497-417b-8494-b5d6f15c7386
1685847340.314194295s 1 5f194865-eb3d-4a54-9940-ae66a0ee105f
1676774257.190497015s 1 5facd196-dca6-4103-ad66-bf5979a6fcd6
1681783973.692791455s 1 61d2d32c-8ea2-44cc-abf9-9c06bb339e31
1685759657.455547848s 1 6a991ccc-b175-4aa1-9c5b-45d01d77f1c2
1679364800.234088765s 1 6b7e8117-a4fe-4e8c-b6bd-807ee28fb222
1685588407.508605382s 1 6baac793-fcdd-4a31-aea6-ac38dc4f890e
1676860796.821787706s 1 6c7d5303-bba6-4d90-9337-9f0e97825f26
1677465484.496580981s 1 6db04431-44e5-47f5-96d0-6ed5de76d43e
1682993670.677069002s 1 6f283139-6a7a-45e0-aaa6-3906d54460c7
1678760036.382090283s 1 713dfc25-1748-4d6f-a559-71af2d9f589a
1685241073.885905558s 1 71a013b6-6dc5-4fe9-8619-556820165902
1675391818.96026328s 1 728d0f47-f9bf-4ff6-9cb5-242611bdbdca
1678674461.226350925s 1 74bc6a62-7105-4170-914f-472c30760846
1679970219.341002356s 1 760f56fe-2ae8-457c-abbe-1ae345e2760b
1676082612.790461958s 1 76b9fba4-c446-45f7-bfc0-bb69ace7dc91
1678416277.122207182s 1 78a90a19-9da3-4a11-9d1c-16214e28f437
1683598673.639125105s 1 7ba3eeb6-3d67-48bb-9010-0cca41a41ba9
1681092685.88928967s 1 7be9d82a-b803-46d8-bd29-f0aa6c8b3d06
1685327241.298432321s 1 7dc57846-8f54-4872-9d5e-b0f98404aaac
1678501423.639309628s 1 7f057bcb-0a1b-4e3f-a83a-7873e94e28a9
1682216841.171720224s 1 804ef717-4dd2-454e-bd15-e52c2a52e624
1685673506.487701569s 1 80740f44-1288-4853-919f-c44fff6100e3
1674734363.926105017s 1 87c681c2-9c14-4638-b3d7-6a1fb4ad431d
1676947137.075643297s 1 8a8e0ec0-a7a4-44a7-9f13-c52462edd2ae
1674647797.292100775s 1 8aa2dd41-0806-4ddf-babd-32f385ab2ec3
1680747156.877403001s 1 8aa8ca0f-cd73-442e-bc60-ee32a5193afb
1686105820.957559234s 1 8bebaebb-7050-49ef-9bc0-8d405f15d26f
1677638869.808783825s 1 8c0775a3-264f-47f4-ad50-79772b2b30cb
1679451531.894922761s 1 8c7c217d-6e01-4fd1-b905-ac21850aedeb
1681956787.730497462s 1 8d37b9e3-02dd-4ee0-b2dc-a375d78c0be1
1680487850.688375193s 1 8db76ef7-6d5d-476b-9e50-d19e6a908a87
1683771278.673828436s 1 8f2f4643-cafd-42a2-87aa-812e79555808
1682648243.567311337s 1 8f3ecc6b-27d2-4ed1-b99d-a44e5780280d
1684981120.528345898s 1 92a448d5-e1bf-42b5-b237-ad3debfc1454
1684548811.10824866s 1 92fcbf12-4fc2-4bba-bd8f-26ae236245fc
1675823753.703726996s 1 97bd7f9e-7531-4c7b-9d08-35ae4a221a5f
1678847214.629066474s 1 9973982b-f6db-44a8-b94a-9012e4ae6eb6
1680057037.585966886s 1 9b36335d-9789-4ed7-a283-8f2d4b4c329b
1684895069.531698689s 1 9e2f4025-bda0-464b-a218-a821251e86aa
1685500931.149207429s 1 a01cd868-eb29-4451-956d-91c49898b7cc
1686364394.244405305s 1 a4484aab-bfec-4c44-8219-426ad806589a
1680833464.579535742s 1 a52b710a-e739-4cce-a926-d41f81d21bb4
1674478751.82709187s 1 a861294a-be0f-41ba-a23e-35fa32e497d5
1677816293.051627654s 1 aad7715b-9085-4d85-a35b-843a1dde0c13
1686192163.080950284s 1 ae01ab3a-f11d-4265-9f35-ec621e68ff5a
1680919665.991575863s 1 af48a3a7-daa1-4884-a934-380250caac3c
1684203657.332554364s 1 af6693c8-c3a9-4cfc-bd47-62362e9fdf5a
1674959959.786471266s 1 b121a5fd-7336-41ce-b124-067c49e32066
1675195366.614781742s 1 b6be0edf-31b7-49a8-a374-25b10bd4945b
1679624537.632034118s 1 b90763d1-d16a-42f0-b9e7-9b6d620d0196
1682907490.290194055s 1 b9242b3e-9b22-451c-9819-42562a757b29
1676687534.88912894s 1 bc9b7cdb-8b7d-41fd-8cca-7d8499eb9ec4
1674478763.165942385s 1 bdbca980-3703-4dcd-85c6-44b9b5839d3b
1684117383.357837625s 1 be7f07f7-dd6a-43f5-9f9c-9e179f4d4576
1675263955.002187515s 1 c23f89dd-2491-4cb6-bbab-1cf6e9ad8899
1678588534.812853724s 1 c6cdd7bb-1100-436d-935b-483388d0b506
1686278687.830942389s 1 c944034c-fd2b-44f4-8862-46832de3156f
1685413635.550907156s 1 cb87787c-b316-42f7-bbee-7ed7ad524027
1681438307.070384184s 1 cba100a5-1c44-413b-87c6-9ce7c91d3d4d
1684030943.090019583s 1 cc712ab2-8dea-4c20-9c91-80dd97765d4a
1683426307.592686454s 1 ccba507f-aeb5-49ef-9a9a-5749f65a619b
1682043249.100619957s 1 cdabe8cb-fb25-4be2-87be-23e21a9d1771
1682129693.241083285s 1 cf86a9e8-8511-4551-827f-380956acd19b
1674822646.217363492s 1 d0b9eb5d-fdf5-4313-b048-3f0ac18ac9f4
1674818554.913671541s 1 d2690f91-dd70-4a6d-a85f-63a0c707d753
1682820929.616296454s 1 d2d98ee0-e697-4e16-93d9-30b8b6248247
1683857509.720964408s 1 d4bf679a-a2e4-4a17-aa0f-31bf131d2d76
1674730823.978360016s 1 d8930a9f-6220-46d6-8c4e-b71e706f3a02
1676601631.150461907s 1 d8e2929b-569c-424d-ab5b-8c9c9b990f38
1674752754.385077019s 1 da187942-76f3-435f-b600-3ba609f505a9
1674744831.701290533s 1 dc2cbe1f-10e7-4c31-b39e-7ff73b74f5b2
1679106313.697063664s 1 ddba3616-187d-405e-8176-1df5188662d5
1685067444.80704376s 1 de25cdfc-e66d-44da-a66c-16c354bd9ae0
1683252650.08111026s 1 df02501b-ddc2-47af-8d9c-0479698791c2
1681265649.13448091s 1 df8407af-1c11-4475-8469-d8f1fe006c58
1674786996.816829159s 1 e060240c-a1c1-4262-949b-032b8205aec0
1675996870.564547857s 1 e0af8404-5401-4839-9897-abc41bfffe8b
1683080012.284985227s 1 e12cc9cd-98f6-4a3c-a038-54d27e404e55
1677379529.146653032s 1 e1a30509-3389-432e-a84f-38db5d2319cf
1679797615.827487602s 1 e403e0dc-1b1b-41c5-8b7b-31039f689886
1681697705.755393111s 1 e434467d-1296-48e5-aac1-96d20deebce4
1675219723.121135177s 1 e5d03cf9-431d-4fe9-8d4e-c8707a2fe245
1674700410.425846808s 1 e93cb437-3c2b-41b7-84d8-7781329ac17c
1675910198.289315056s 1 e9ad532f-b513-4143-b012-218f295b83a7
1683166372.320043995s 1 ec76559e-f7f1-4987-9cf0-a4a8d42c4ef5
1683338996.132382283s 1 ee7738dd-e03a-4431-a35e-7a70996c2db8
1677984521.294497674s 1 f4738b95-e9f1-4451-93ce-bccd52e0b59c
1674873305.014129761s 1 f4fb203d-5603-46fe-94d1-44b5ab6cca96
1684290088.780499674s 1 f5d704be-31f4-4100-8653-8b7b45da3e5d
1685932800.924304414s 1 f7402770-9544-4a3d-badd-a740ca43ef4d
1677897217.441745306s 1 f7da3150-e949-4ef3-8df5-0a15ef8f1998
1686019512.854628461s 1 f823a160-f21f-4256-8455-1d523a706073
1678070468.008876338s 1 f89a08ee-02d5-4ada-9500-80ac38ff6851
1675045861.923098947s 1 f91e17d1-d774-4cd3-b3f1-917e6a20fe40
1675650518.462800728s 1 fabbf5fe-298d-4f19-ad49-11405f643134
1675242768.996525358s 1 fac8277a-2aea-4527-b59d-edd83636ec6f
1676255804.469078368s 1 fb2e5bfe-f425-4f61-8b16-7c21455bf088
1677033403.402171132s 1 fb524cca-4f62-4781-a716-d31df701a90b
1683512362.995915327s 1 fc4d32b5-cefc-42a4-a6cf-3304dad5baa9
1679193309.846953244s 1 fcf6da98-302d-4c18-be16-8f9f513e1c0b
1684376161.334809164s 1 fe70583d-7904-4790-b3ab-03ef40a4ea34
1674527471.48369869s 1 feb9834a-b4a8-40db-b4a1-231ea21c9140
1675305233.294841865s 1 ff4b2ba2-274a-4426-84c3-9acf0e7a2749
