1674814100.617416669s 1 05580875-f9c8-4f85-9bd3-c978419b1d65
1676342209.20997671s 1 06293a10-928c-49cb-bda8-bf938945a1f7
1684808499.712352652s 1 083b0df1-dca5-42e5-81d5-40d80b10127b
1682561698.34477245s 1 0883e5da-9319-4897-b09f-00243afac0fc
1679883462.161664448s 1 0ae362bb-868b-47b2-a823-5335345af989
1677724917.567444493s 1 0afccb4c-7b4f-4201-b19c-bc6affd5163d
1679019885.259877218s 1 0c6626dc-e515-4f8a-96bd-5a16a8c5221c
1680143023.284846187s 1 0c963006-6d03-489a-87ee-0b16626b1a9c
1681870849.239148795s 1 0cdf647c-655d-404d-a00b-d7a9898896b1
1677292614.515481895s 1 11393677-981e-4385-a547-a5bdc0c1b36d
1680401667.839672891s 1 1150597d-6114-4380-9e55-bcc996272ec0
1676428684.417205681s 1 11d82b3d-755a-4b9b-a099-4d4d73c15ee0
1676169341.38681258s 1 155deae8-66cf-4545-9852-5754027d8ce3
1681006444.570509839s 1 186625f2-dae1-4ec3-91bc-936b82ed8526
1674637793.01101898s 1 18ee5e58-d328-4da2-8f08-e840b1af1302
1682734445.212117569s 1 1a0ac436-0402-4e87-a199-683f7b6d5849
1674755482.958798417s 1 1be975d9-0f45-4ac0-a7ee-389807c945cd
1683684785.473628119s 1 20d7b8bd-f1fa-41ca-92bc-dc410482aa79
1678157224.220128857s 1 21b8af7c-1f9e-422d-b813-3bf933639f96
1682302838.519579952s 1 2291f26c-e54e-43bf-8912-500c760bea8c
1682388990.442642335s 1 22a582fa-4cdd-43e8-aa74-93e573a3e921
1674755296.191503583s 1 23655a98-8a64-4498-b81c-7df84215998c
1675132757.743975204s 1 23e7b141-558f-4aa2-832f-199591fb6c09
1677551814.029329907s 1 246b8c47-52ff-4874-9be3-915dc0c4bbe2
1677206093.78345499s 1 2598f3b6-e507-4ab3-895e-0eb7baf85e23
1679537744.730330967s 1 2835142d-70a5-4472-8ae6-f5f030435c9e
1680229458.087312501s 1 28c9c6a1-59a9-4770-866a-2e0c746b35a9
1684635951.372180761s 1 2a3c9c61-9069-401b-9a28-605179ef7c19
1685153656.767679569s 1 2c894b45-d0ae-4365-b25a-1b48a4eb7ae5
1674613932.02347858s 1 2d4dc673-94fa-4aa1-8d7b-de78372dc9b0
1680660123.398123177s 1 30165332-784d-4e26-87dd-2530698aa273
1682475346.063783911s 1 30890747-4710-4c50-8d6c-64d08ec41dc6
1679279488.992431383s 1 34bd421a-8e1a-4bd4-a01f-0aa98787be15
1678329685.490179103s 1 377b01d7-7dec-485f-9f32-9a63893944bb
1678933677.000854499s 1 38ff7c31-de30-4d91-a428-aff84c2d1647
1680315247.918146323s 1 3b08885d-46fe-4d02-af43-770a2de8e17a
1683943913.435688114s 1 3ba9d542-c731-4066-ae07-6d6582f6dd29
1681524866.892794065s 1 4456a2ff-aa14-4f0c-b895-8c4a0f879dfc
1681351970.258073805s 1 44c58c42-8811-4dc6-95ab-a494167262d7
1678243272.426197191s 1 4d0794df-061a-4f0e-b52b-b2c4f0a871f0
1679710489.706453744s 1 4e91f6f5-97a9-4c53-935f-3c46982f75ba
1675477550.975000113s 1 4ea9619d-b658-4a69-9dba-b95ec4c5a955
1677119662.742839894s 1 4f0bb1b5-cc2b-4eb5-a03a-9e25490709fd
1681611816.313183455s 1 4fe3c2e3-e906-4af2-bf9a-718d8ff9041b
1680574548.017149021s 1 52c4fb57-152f-46b7-a12c-04f3dedf2ce5
1675564658.607254014s 1 546b9b28-88aa-4dd5-8cc6-6795e57cbc91
1684462655.875994441s 1 54fb19e6-9be8-4eef-8ce2-3d997ef05f77
1681179171.509696141s 1 578d21fe-3a72-46d4-8797-ea5a88eaa933
1684722374.975486301s 1 596001ae-606c-4d30-9c2b-0042bdc4c222
1675736904.811213403s 1 5bfa8337-7aa4-4786-83d3-3c9a66ada7a0
1676514952.11439362s 1 5c1cfa1c-5497-417b-8494-b5d6f15c7386
1685847332.911262111s 1 5f194865-eb3d-4a54-9940-ae66a0ee105f
1676774245.34576276s 1 5facd196-dca6-4103-ad66-bf5979a6fcd6
1681783960.871060098s 1 61d2d32c-8ea2-44cc-abf9-9c06bb339e31
1685759649.858304653s 1 6a991ccc-b175-4aa1-9c5b-45d01d77f1c2
1679364792.657537915s 1 6b7e8117-a4fe-4e8c-b6bd-807ee28fb222
1685588394.076456268s 1 6baac793-fcdd-4a31-aea6-ac38dc4f890e
1676860779.047604769s 1 6c7d5303-bba6-4d90-9337-9f0e97825f26
1674182337.532134169s 1 6d0dfb53-5f0a-4d36-b1a9-776e0fde5d67
1677465476.960133817s 1 6db04431-44e5-47f5-96d0-6ed5de76d43e
1682993658.499081706s 1 6f283139-6a7a-45e0-aaa6-3906d54460c7
1678760018.434393736s 1 713dfc25-1748-4d6f-a559-71af2d9f589a
1685241065.884608004s 1 71a013b6-6dc5-4fe9-8619-556820165902
1675391811.83236552s 1 728d0f47-f9bf-4ff6-9cb5-242611bdbdca
1678674445.902584301s 1 74bc6a62-7105-4170-914f-472c30760846
1679970207.553621224s 1 760f56fe-2ae8-457c-abbe-1ae345e2760b
1676082600.359129133s 1 76b9fba4-c446-45f7-bfc0-bb69ace7dc91
1678416263.563809706s 1 78a90a19-9da3-4a11-9d1c-16214e28f437
1683598661.442085173s 1 7ba3eeb6-3d67-48bb-9010-0cca41a41ba9
1681092667.949306143s 1 7be9d82a-b803-46d8-bd29-f0aa6c8b3d06
1685327224.121011001s 1 7dc57846-8f54-4872-9d5e-b0f98404aaac
1678501405.740517058s 1 7f057bcb-0a1b-4e3f-a83a-7873e94e28a9
1682216832.988497638s 1 804ef717-4dd2-454e-bd15-e52c2a52e624
1685673489.058077918s 1 80740f44-1288-4853-919f-c44fff6100e3
1674734359.487890351s 1 87c681c2-9c14-4638-b3d7-6a1fb4ad431d
1676947130.238186666s 1 8a8e0ec0-a7a4-44a7-9f13-c52462edd2ae
1674647790.634827683s 1 8aa2dd41-0806-4ddf-babd-32f385ab2ec3
1680747150.198232855s 1 8aa8ca0f-cd73-442e-bc60-ee32a5193afb
1677638857.910527533s 1 8c0775a3-264f-47f4-ad50-79772b2b30cb
1679451525.330807954s 1 8c7c217d-6e01-4fd1-b905-ac21850aedeb
1681956779.654050971s 1 8d37b9e3-02dd-4ee0-b2dc-a375d78c0be1
1680487844.095777036s 1 8db76ef7-6d5d-476b-9e50-d19e6a908a87
1683771261.238511401s 1 8f2f4643-cafd-42a2-87aa-812e79555808
1682648236.54522166s 1 8f3ecc6b-27d2-4ed1-b99d-a44e5780280d
1684981105.268337411s 1 92a448d5-e1bf-42b5-b237-ad3debfc1454
1684548795.221906774s 1 92fcbf12-4fc2-4bba-bd8f-26ae236245fc
1675823747.424647946s 1 97bd7f9e-7531-4c7b-9d08-35ae4a221a5f
1678847198.273899755s 1 9973982b-f6db-44a8-b94a-9012e4ae6eb6
1680057030.043611596s 1 9b36335d-9789-4ed7-a283-8f2d4b4c329b
1684895055.050486209s 1 9e2f4025-bda0-464b-a218-a821251e86aa
1685500923.633910494s 1 a01cd868-eb29-4451-956d-91c49898b7cc
1674456933.682487645s 1 a0e19a9f-8276-4829-8824-3673be2c1795
1680833457.319817035s 1 a52b710a-e739-4cce-a926-d41f81d21bb4
1674460991.660640203s 1 a861294a-be0f-41ba-a23e-35fa32e497d5
1677816285.677109427s 1 aad7715b-9085-4d85-a35b-843a1dde0c13
1674096445.458950736s 1 aed63c06-5370-4c92-a310-5c2f675744a5
1680919658.037182871s 1 af48a3a7-daa1-4884-a934-380250caac3c
1684203649.690110232s 1 af6693c8-c3a9-4cfc-bd47-62362e9fdf5a
1674441153.691817795s 1 afc0c44c-3b75-47c4-95f0-ee7890b2fb4b
1674959944.995094753s 1 b121a5fd-7336-41ce-b124-067c49e32066
1674355033.86126019s 1 b3ce10c6-d376-4183-8750-3167de966c3e
1675195352.347575488s 1 b6be0edf-31b7-49a8-a374-25b10bd4945b
1679624525.235000315s 1 b90763d1-d16a-42f0-b9e7-9b6d620d0196
1682907477.718596369s 1 b9242b3e-9b22-451c-9819-42562a757b29
1676687519.53874212s 1 bc9b7cdb-8b7d-41fd-8cca-7d8499eb9ec4
1674096448.37798806s 1 bdbca980-3703-4dcd-85c6-44b9b5839d3b
1684117370.531552983s 1 be7f07f7-dd6a-43f5-9f9c-9e179f4d4576
1675263940.08323781s 1 c23f89dd-2491-4cb6-bbab-1cf6e9ad8899
1678588522.693221644s 1 c6cdd7bb-1100-436d-935b-483388d0b506
1685413616.163465514s 1 cb87787c-b316-42f7-bbee-7ed7ad524027
1681438294.675637805s 1 cba100a5-1c44-413b-87c6-9ce7c91d3d4d
1684030928.627363133s 1 cc712ab2-8dea-4c20-9c91-80dd97765d4a
1683426293.973783839s 1 ccba507f-aeb5-49ef-9a9a-5749f65a619b
1682043240.469208327s 1 cdabe8cb-fb25-4be2-87be-23e21a9d1771
1682129685.336172984s 1 cf86a9e8-8511-4551-827f-380956acd19b
1674822640.303654374s 1 d0b9eb5d-fdf5-4313-b048-3f0ac18ac9f4
1674818542.420503965s 1 d2690f91-dd70-4a6d-a85f-63a0c707d753
1682820922.245435917s 1 d2d98ee0-e697-4e16-93d9-30b8b6248247
1683857502.092258739s 1 d4bf679a-a2e4-4a17-aa0f-31bf131d2d76
1674730819.92849194s 1 d8930a9f-6220-46d6-8c4e-b71e706f3a02
1676601619.640706208s 1 d8e2929b-569c-424d-ab5b-8c9c9b990f38
1674752749.552936906s 1 da187942-76f3-435f-b600-3ba609f505a9
1674744821.370792781s 1 dc2cbe1f-10e7-4c31-b39e-7ff73b74f5b2
1674268257.93750538s 1 dd4a19a4-b4e5-45f1-8632-f16f45bdbc0a
1679106298.969054392s 1 ddba3616-187d-405e-8176-1df5188662d5
1685067437.394810289s 1 de25cdfc-e66d-44da-a66c-16c354bd9ae0
1683252641.428623111s 1 df02501b-ddc2-47af-8d9c-0479698791c2
1681265636.668189722s 1 df8407af-1c11-4475-8469-d8f1fe006c58
1674786990.884188344s 1 e060240c-a1c1-4262-949b-032b8205aec0
1675996858.553891532s 1 e0af8404-5401-4839-9897-abc41bfffe8b
1683079999.713135583s 1 e12cc9cd-98f6-4a3c-a038-54d27e404e55
1677379516.30229432s 1 e1a30509-3389-432e-a84f-38db5d2319cf
1679797598.143895924s 1 e403e0dc-1b1b-41c5-8b7b-31039f689886
1681697690.764448794s 1 e434467d-1296-48e5-aac1-96d20deebce4
1675219712.026704064s 1 e5d03cf9-431d-4fe9-8d4e-c8707a2fe245
1674700399.803507037s 1 e93cb437-3c2b-41b7-84d8-7781329ac17c
1675910186.3303362s 1 e9ad532f-b513-4143-b012-218f295b83a7
1683166364.992234784s 1 ec76559e-f7f1-4987-9cf0-a4a8d42c4ef5
1683338988.133708834s 1 ee7738dd-e03a-4431-a35e-7a70996c2db8
1677984513.117862031s 1 f4738b95-e9f1-4451-93ce-bccd52e0b59c
1674873290.124443338s 1 f4fb203d-5603-46fe-94d1-44b5ab6cca96
1684290076.105823914s 1 f5d704be-31f4-4100-8653-8b7b45da3e5d
1685932793.6940407s 1 f7402770-9544-4a3d-badd-a740ca43ef4d
1677897200.16261048s 1 f7da3150-e949-4ef3-8df5-0a15ef8f1998
1678070445.120655044s 1 f89a08ee-02d5-4ada-9500-80ac38ff6851
1675045849.023101779s 1 f91e17d1-d774-4cd3-b3f1-917e6a20fe40
1675650501.803549374s 1 fabbf5fe-298d-4f19-ad49-11405f643134
1675242755.675821928s 1 fac8277a-2aea-4527-b59d-edd83636ec6f
1676255786.502728553s 1 fb2e5bfe-f425-4f61-8b16-7c21455bf088
1677033396.253555258s 1 fb524cca-4f62-4781-a716-d31df701a90b
1683512345.668935821s 1 fc4d32b5-cefc-42a4-a6cf-3304dad5baa9
1679193294.586482898s 1 fcf6da98-302d-4c18-be16-8f9f513e1c0b
1684376153.771310983s 1 fe70583d-7904-4790-b3ab-03ef40a4ea34
1674527465.516332698s 1 feb9834a-b4a8-40db-b4a1-231ea21c9140
1675305226.959624101s 1 ff4b2ba2-274a-4426-84c3-9acf0e7a2749
