1684808521.411297322s 1 083b0df1-dca5-42e5-81d5-40d80b10127b
1686968679.23376828s 1 165d6367-ace8-4504-abdd-b5d9f8d71db5
1684635968.582539704s 1 2a3c9c61-9069-401b-9a28-605179ef7c19
1685153681.915398346s 1 2c894b45-d0ae-4365-b25a-1b48a4eb7ae5
1686796137.074837188s 1 33f7b39d-9293-49ca-94d9-b32031f48f27
1686623429.360919274s 1 42431862-714e-4f17-bedf-6b0568ef45c3
1687056163.23613421s 1 48abc136-0c0a-4ca9-bef7-dc0e1767ef8d
1684722400.760729311s 1 596001ae-606c-4d30-9c2b-0042bdc4c222
1685847343.595741152s 1 5f194865-eb3d-4a54-9940-ae66a0ee105f
1685759660.673486361s 1 6a991ccc-b175-4aa1-9c5b-45d01d77f1c2
1685588413.01704039s 1 6baac793-fcdd-4a31-aea6-ac38dc4f890e
1685241077.540481993s 1 71a013b6-6dc5-4fe9-8619-556820165902
1686709796.75490282s 1 73acee66-3bec-43c5-a557-05453523992e
1685327248.969356321s 1 7dc57846-8f54-4872-9d5e-b0f98404aaac
1685673514.274729382s 1 80740f44-1288-4853-919f-c44fff6100e3
1686105829.173640687s 1 8bebaebb-7050-49ef-9bc0-8d405f15d26f
1684981127.456401969s 1 92a448d5-e1bf-42b5-b237-ad3debfc1454
1684557546.04841605s 1 92fcbf12-4fc2-4bba-bd8f-26ae236245fc
1684895079.303337349s 1 9e2f4025-bda0-464b-a218-a821251e86aa
1685500934.318981599s 1 a01cd868-eb29-4451-956d-91c49898b7cc
1686364402.361496291s 1 a4484aab-bfec-4c44-8219-426ad806589a
1686192169.187541354s 1 ae01ab3a-f11d-4265-9f35-ec621e68ff5a
1684557549.194798196s 1 bdbca980-3703-4dcd-85c6-44b9b5839d3b
1686278691.784774158s 1 c944034c-fd2b-44f4-8862-46832de3156f
1685413641.677109636s 1 cb87787c-b316-42f7-bbee-7ed7ad524027
1686451888.521458541s 1 de1e7003-1d7e-49be-9672-92f2b97f5f61
1685067447.996881747s 1 de25cdfc-e66d-44da-a66c-16c354bd9ae0
1686882568.721040576s 1 f4d00bfd-d886-4071-89e3-da43919e1298
1685932804.304919143s 1 f7402770-9544-4a3d-badd-a740ca43ef4d
1686019518.793680096s 1 f823a160-f21f-4256-8455-1d523a706073
1686537782.207189296s 1 fe33a158-1c6e-4861-8001-31e2a1d9116d
