1674814099.717534337s 1 05580875-f9c8-4f85-9bd3-c978419b1d65
1676342208.47311613s 1 06293a10-928c-49cb-bda8-bf938945a1f7
1682561696.853208375s 1 0883e5da-9319-4897-b09f-00243afac0fc
1679883459.998765937s 1 0ae362bb-868b-47b2-a823-5335345af989
1677724916.748005574s 1 0afccb4c-7b4f-4201-b19c-bc6affd5163d
1679019884.449200096s 1 0c6626dc-e515-4f8a-96bd-5a16a8c5221c
1680143022.54966956s 1 0c963006-6d03-489a-87ee-0b16626b1a9c
1681870848.386023685s 1 0cdf647c-655d-404d-a00b-d7a9898896b1
1677292612.981184314s 1 11393677-981e-4385-a547-a5bdc0c1b36d
1680401667.048145867s 1 1150597d-6114-4380-9e55-bcc996272ec0
1676428682.975718637s 1 11d82b3d-755a-4b9b-a099-4d4d73c15ee0
1676169340.570715419s 1 155deae8-66cf-4545-9852-5754027d8ce3
1681006443.025592174s 1 186625f2-dae1-4ec3-91bc-936b82ed8526
1682734443.673876506s 1 1a0ac436-0402-4e87-a199-683f7b6d5849
1674755480.921473055s 1 1be975d9-0f45-4ac0-a7ee-389807c945cd
1683684784.531545283s 1 20d7b8bd-f1fa-41ca-92bc-dc410482aa79
1678157223.303790451s 1 21b8af7c-1f9e-422d-b813-3bf933639f96
1682302836.941363896s 1 2291f26c-e54e-43bf-8912-500c760bea8c
1682388988.9209261s 1 22a582fa-4cdd-43e8-aa74-93e573a3e921
1674755295.46920762s 1 23655a98-8a64-4498-b81c-7df84215998c
1675132755.824764737s 1 23e7b141-558f-4aa2-832f-199591fb6c09
1677551811.827015717s 1 246b8c47-52ff-4874-9be3-915dc0c4bbe2
1677206092.273776122s 1 2598f3b6-e507-4ab3-895e-0eb7baf85e23
1679537744.012241157s 1 2835142d-70a5-4472-8ae6-f5f030435c9e
1680229455.887819804s 1 28c9c6a1-59a9-4770-866a-2e0c746b35a9
1680660120.947819242s 1 30165332-784d-4e26-87dd-2530698aa273
1682475345.188929909s 1 30890747-4710-4c50-8d6c-64d08ec41dc6
1679279487.126135379s 1 34bd421a-8e1a-4bd4-a01f-0aa98787be15
1678329683.42994669s 1 377b01d7-7dec-485f-9f32-9a63893944bb
1678933668.909484784s 1 38ff7c31-de30-4d91-a428-aff84c2d1647
1680315245.889754526s 1 3b08885d-46fe-4d02-af43-770a2de8e17a
1683943912.549759984s 1 3ba9d542-c731-4066-ae07-6d6582f6dd29
1681524864.83494338s 1 4456a2ff-aa14-4f0c-b895-8c4a0f879dfc
1681351968.179252223s 1 44c58c42-8811-4dc6-95ab-a494167262d7
1678243271.58617442s 1 4d0794df-061a-4f0e-b52b-b2c4f0a871f0
1679710488.307647551s 1 4e91f6f5-97a9-4c53-935f-3c46982f75ba
1675477550.085615515s 1 4ea9619d-b658-4a69-9dba-b95ec4c5a955
1677119661.961830553s 1 4f0bb1b5-cc2b-4eb5-a03a-9e25490709fd
1681611814.641983986s 1 4fe3c2e3-e906-4af2-bf9a-718d8ff9041b
1680574547.21082436s 1 52c4fb57-152f-46b7-a12c-04f3dedf2ce5
1675564657.789035193s 1 546b9b28-88aa-4dd5-8cc6-6795e57cbc91
1684462653.71817244s 1 54fb19e6-9be8-4eef-8ce2-3d997ef05f77
1681179169.626640599s 1 578d21fe-3a72-46d4-8797-ea5a88eaa933
1675736902.853880011s 1 5bfa8337-7aa4-4786-83d3-3c9a66ada7a0
1676514951.207856589s 1 5c1cfa1c-5497-417b-8494-b5d6f15c7386
1676774243.770962249s 1 5facd196-dca6-4103-ad66-bf5979a6fcd6
1681783959.189900084s 1 61d2d32c-8ea2-44cc-abf9-9c06bb339e31
1679364791.737930114s 1 6b7e8117-a4fe-4e8c-b6bd-807ee28fb222
1676860776.707987094s 1 6c7d5303-bba6-4d90-9337-9f0e97825f26
1677465476.071226687s 1 6db04431-44e5-47f5-96d0-6ed5de76d43e
1682993656.964770874s 1 6f283139-6a7a-45e0-aaa6-3906d54460c7
1678760016.210248368s 1 713dfc25-1748-4d6f-a559-71af2d9f589a
1675391811.122652167s 1 728d0f47-f9bf-4ff6-9cb5-242611bdbdca
1678674444.119079102s 1 74bc6a62-7105-4170-914f-472c30760846
1679970206.127096382s 1 760f56fe-2ae8-457c-abbe-1ae345e2760b
1676082598.884572975s 1 76b9fba4-c446-45f7-bfc0-bb69ace7dc91
1678416261.994302619s 1 78a90a19-9da3-4a11-9d1c-16214e28f437
1683598660.625243749s 1 7ba3eeb6-3d67-48bb-9010-0cca41a41ba9
1681092665.754872948s 1 7be9d82a-b803-46d8-bd29-f0aa6c8b3d06
1678501404.269901762s 1 7f057bcb-0a1b-4e3f-a83a-7873e94e28a9
1682216831.955750762s 1 804ef717-4dd2-454e-bd15-e52c2a52e624
1674736163.254483011s 1 87c681c2-9c14-4638-b3d7-6a1fb4ad431d
1676947129.277497148s 1 8a8e0ec0-a7a4-44a7-9f13-c52462edd2ae
1680747149.400675227s 1 8aa8ca0f-cd73-442e-bc60-ee32a5193afb
1677638856.354376176s 1 8c0775a3-264f-47f4-ad50-79772b2b30cb
1679451524.523518785s 1 8c7c217d-6e01-4fd1-b905-ac21850aedeb
1681956778.724835674s 1 8d37b9e3-02dd-4ee0-b2dc-a375d78c0be1
1680487843.316355182s 1 8db76ef7-6d5d-476b-9e50-d19e6a908a87
1683771259.202230776s 1 8f2f4643-cafd-42a2-87aa-812e79555808
1682648235.727586215s 1 8f3ecc6b-27d2-4ed1-b99d-a44e5780280d
1684548793.293194627s 1 92fcbf12-4fc2-4bba-bd8f-26ae236245fc
1675823746.679751456s 1 97bd7f9e-7531-4c7b-9d08-35ae4a221a5f
1678847196.276790609s 1 9973982b-f6db-44a8-b94a-9012e4ae6eb6
1680057029.215149171s 1 9b36335d-9789-4ed7-a283-8f2d4b4c329b
1680833456.491631604s 1 a52b710a-e739-4cce-a926-d41f81d21bb4
1677816284.775086183s 1 aad7715b-9085-4d85-a35b-843a1dde0c13
1680919657.098190978s 1 af48a3a7-daa1-4884-a934-380250caac3c
1684203648.840970243s 1 af6693c8-c3a9-4cfc-bd47-62362e9fdf5a
1674959942.835404565s 1 b121a5fd-7336-41ce-b124-067c49e32066
1675195350.368236716s 1 b6be0edf-31b7-49a8-a374-25b10bd4945b
1679624523.558110743s 1 b90763d1-d16a-42f0-b9e7-9b6d620d0196
1682907476.089098949s 1 b9242b3e-9b22-451c-9819-42562a757b29
1676687517.538150823s 1 bc9b7cdb-8b7d-41fd-8cca-7d8499eb9ec4
1674736168.470205708s 1 bdbca980-3703-4dcd-85c6-44b9b5839d3b
1684117368.997982043s 1 be7f07f7-dd6a-43f5-9f9c-9e179f4d4576
1675263938.360204729s 1 c23f89dd-2491-4cb6-bbab-1cf6e9ad8899
1678588521.150608998s 1 c6cdd7bb-1100-436d-935b-483388d0b506
1681438293.120292692s 1 cba100a5-1c44-413b-87c6-9ce7c91d3d4d
1684030926.993764635s 1 cc712ab2-8dea-4c20-9c91-80dd97765d4a
1683426292.279155575s 1 ccba507f-aeb5-49ef-9a9a-5749f65a619b
1682043239.58128621s 1 cdabe8cb-fb25-4be2-87be-23e21a9d1771
1682129684.205562577s 1 cf86a9e8-8511-4551-827f-380956acd19b
1674822639.547473508s 1 d0b9eb5d-fdf5-4313-b048-3f0ac18ac9f4
1674818540.795841504s 1 d2690f91-dd70-4a6d-a85f-63a0c707d753
1682820921.333289624s 1 d2d98ee0-e697-4e16-93d9-30b8b6248247
1683857500.987024523s 1 d4bf679a-a2e4-4a17-aa0f-31bf131d2d76
1676601618.203633242s 1 d8e2929b-569c-424d-ab5b-8c9c9b990f38
1674752748.70184631s 1 da187942-76f3-435f-b600-3ba609f505a9
1674744819.472090382s 1 dc2cbe1f-10e7-4c31-b39e-7ff73b74f5b2
1679106297.212827081s 1 ddba3616-187d-405e-8176-1df5188662d5
1683252640.502402507s 1 df02501b-ddc2-47af-8d9c-0479698791c2
1681265635.198025988s 1 df8407af-1c11-4475-8469-d8f1fe006c58
1674786989.987402138s 1 e060240c-a1c1-4262-949b-032b8205aec0
1675996856.968145924s 1 e0af8404-5401-4839-9897-abc41bfffe8b
1683079998.160266916s 1 e12cc9cd-98f6-4a3c-a038-54d27e404e55
1677379514.803524007s 1 e1a30509-3389-432e-a84f-38db5d2319cf
1679797595.995863262s 1 e403e0dc-1b1b-41c5-8b7b-31039f689886
1681697689.000953334s 1 e434467d-1296-48e5-aac1-96d20deebce4
1675219710.591823297s 1 e5d03cf9-431d-4fe9-8d4e-c8707a2fe245
1675910184.833236653s 1 e9ad532f-b513-4143-b012-218f295b83a7
1683166364.145477146s 1 ec76559e-f7f1-4987-9cf0-a4a8d42c4ef5
1683338987.30048643s 1 ee7738dd-e03a-4431-a35e-7a70996c2db8
1677984512.294393616s 1 f4738b95-e9f1-4451-93ce-bccd52e0b59c
1674873288.268949671s 1 f4fb203d-5603-46fe-94d1-44b5ab6cca96
1684290074.501263362s 1 f5d704be-31f4-4100-8653-8b7b45da3e5d
1677897197.943693084s 1 f7da3150-e949-4ef3-8df5-0a15ef8f1998
1678070443.075794997s 1 f89a08ee-02d5-4ada-9500-80ac38ff6851
1675045847.362022525s 1 f91e17d1-d774-4cd3-b3f1-917e6a20fe40
1675650499.609249723s 1 fabbf5fe-298d-4f19-ad49-11405f643134
1675242754.051843762s 1 fac8277a-2aea-4527-b59d-edd83636ec6f
1676255784.334729857s 1 fb2e5bfe-f425-4f61-8b16-7c21455bf088
1677033395.420844881s 1 fb524cca-4f62-4781-a716-d31df701a90b
1683512342.54269178s 1 fc4d32b5-cefc-42a4-a6cf-3304dad5baa9
1679193292.763061536s 1 fcf6da98-302d-4c18-be16-8f9f513e1c0b
1684376152.882481952s 1 fe70583d-7904-4790-b3ab-03ef40a4ea34
1675305226.224915758s 1 ff4b2ba2-274a-4426-84c3-9acf0e7a2749
