1684817929.903946311s 1 083b0df1-dca5-42e5-81d5-40d80b10127b
1685153681.435042536s 1 2c894b45-d0ae-4365-b25a-1b48a4eb7ae5
1685847343.424390176s 1 5f194865-eb3d-4a54-9940-ae66a0ee105f
1685759660.482651703s 1 6a991ccc-b175-4aa1-9c5b-45d01d77f1c2
1685588412.655952433s 1 6baac793-fcdd-4a31-aea6-ac38dc4f890e
1685241077.311210143s 1 71a013b6-6dc5-4fe9-8619-556820165902
1685327248.505335246s 1 7dc57846-8f54-4872-9d5e-b0f98404aaac
1685673513.769484237s 1 80740f44-1288-4853-919f-c44fff6100e3
1686105828.66616466s 1 8bebaebb-7050-49ef-9bc0-8d405f15d26f
1684981127.030290582s 1 92a448d5-e1bf-42b5-b237-ad3debfc1454
1684895078.990577255s 1 9e2f4025-bda0-464b-a218-a821251e86aa
1685500934.144701521s 1 a01cd868-eb29-4451-956d-91c49898b7cc
1686364401.897601843s 1 a4484aab-bfec-4c44-8219-426ad806589a
1686192168.798648452s 1 ae01ab3a-f11d-4265-9f35-ec621e68ff5a
1684817932.59680949s 1 bdbca980-3703-4dcd-85c6-44b9b5839d3b
1686278691.42642848s 1 c944034c-fd2b-44f4-8862-46832de3156f
1685413641.17572952s 1 cb87787c-b316-42f7-bbee-7ed7ad524027
1686451888.157217127s 1 de1e7003-1d7e-49be-9672-92f2b97f5f61
1685067447.835364635s 1 de25cdfc-e66d-44da-a66c-16c354bd9ae0
1685932804.100108672s 1 f7402770-9544-4a3d-badd-a740ca43ef4d
1686019518.461489382s 1 f823a160-f21f-4256-8455-1d523a706073
1686537781.743248973s 1 fe33a158-1c6e-4861-8001-31e2a1d9116d
