1684808522.185827779s 1 083b0df1-dca5-42e5-81d5-40d80b10127b
1682561716.826977861s 1 0883e5da-9319-4897-b09f-00243afac0fc
1682734463.589442164s 1 1a0ac436-0402-4e87-a199-683f7b6d5849
1683684797.344980306s 1 20d7b8bd-f1fa-41ca-92bc-dc410482aa79
1682399058.627695112s 1 22a582fa-4cdd-43e8-aa74-93e573a3e921
1684635969.238135543s 1 2a3c9c61-9069-401b-9a28-605179ef7c19
1685153682.6196292s 1 2c894b45-d0ae-4365-b25a-1b48a4eb7ae5
1682475356.955110646s 1 30890747-4710-4c50-8d6c-64d08ec41dc6
1683943924.439529273s 1 3ba9d542-c731-4066-ae07-6d6582f6dd29
1684462682.169619236s 1 54fb19e6-9be8-4eef-8ce2-3d997ef05f77
1684722401.765821828s 1 596001ae-606c-4d30-9c2b-0042bdc4c222
1685847344.06675811s 1 5f194865-eb3d-4a54-9940-ae66a0ee105f
1685759660.926588756s 1 6a991ccc-b175-4aa1-9c5b-45d01d77f1c2
1685588413.603064699s 1 6baac793-fcdd-4a31-aea6-ac38dc4f890e
1682993677.137030662s 1 6f283139-6a7a-45e0-aaa6-3906d54460c7
1685241077.843538261s 1 71a013b6-6dc5-4fe9-8619-556820165902
1683598677.00281798s 1 7ba3eeb6-3d67-48bb-9010-0cca41a41ba9
1685327249.685147274s 1 7dc57846-8f54-4872-9d5e-b0f98404aaac
1685673514.970640472s 1 80740f44-1288-4853-919f-c44fff6100e3
1686105829.936108677s 1 8bebaebb-7050-49ef-9bc0-8d405f15d26f
1683771286.834485543s 1 8f2f4643-cafd-42a2-87aa-812e79555808
1682648246.953631421s 1 8f3ecc6b-27d2-4ed1-b99d-a44e5780280d
1684981128.334165689s 1 92a448d5-e1bf-42b5-b237-ad3debfc1454
1684548818.592276198s 1 92fcbf12-4fc2-4bba-bd8f-26ae236245fc
1684895079.833116581s 1 9e2f4025-bda0-464b-a218-a821251e86aa
1685500934.937922599s 1 a01cd868-eb29-4451-956d-91c49898b7cc
1686192169.551629136s 1 ae01ab3a-f11d-4265-9f35-ec621e68ff5a
1684203660.823305125s 1 af6693c8-c3a9-4cfc-bd47-62362e9fdf5a
1682907496.610888405s 1 b9242b3e-9b22-451c-9819-42562a757b29
1682399061.279503802s 1 bdbca980-3703-4dcd-85c6-44b9b5839d3b
1684117389.523017949s 1 be7f07f7-dd6a-43f5-9f9c-9e179f4d4576
1685413642.475553034s 1 cb87787c-b316-42f7-bbee-7ed7ad524027
1684030950.271182458s 1 cc712ab2-8dea-4c20-9c91-80dd97765d4a
1683426313.846190979s 1 ccba507f-aeb5-49ef-9a9a-5749f65a619b
1682820933.131443305s 1 d2d98ee0-e697-4e16-93d9-30b8b6248247
1683857513.564461565s 1 d4bf679a-a2e4-4a17-aa0f-31bf131d2d76
1685067448.506471381s 1 de25cdfc-e66d-44da-a66c-16c354bd9ae0
1683252653.947838229s 1 df02501b-ddc2-47af-8d9c-0479698791c2
1683080018.464729314s 1 e12cc9cd-98f6-4a3c-a038-54d27e404e55
1683166375.976576643s 1 ec76559e-f7f1-4987-9cf0-a4a8d42c4ef5
1683338999.799788273s 1 ee7738dd-e03a-4431-a35e-7a70996c2db8
1684290094.862804817s 1 f5d704be-31f4-4100-8653-8b7b45da3e5d
1685932804.49443259s 1 f7402770-9544-4a3d-badd-a740ca43ef4d
1686019519.165959603s 1 f823a160-f21f-4256-8455-1d523a706073
1683512371.253515036s 1 fc4d32b5-cefc-42a4-a6cf-3304dad5baa9
1684376165.158905984s 1 fe70583d-7904-4790-b3ab-03ef40a4ea34
