1674814096.627772201s 1 05580875-f9c8-4f85-9bd3-c978419b1d65
1676342204.739375137s 1 06293a10-928c-49cb-bda8-bf938945a1f7
1682561690.411332367s 1 0883e5da-9319-4897-b09f-00243afac0fc
1679883451.247564186s 1 0ae362bb-868b-47b2-a823-5335345af989
1677724912.637792402s 1 0afccb4c-7b4f-4201-b19c-bc6affd5163d
1679019881.057694682s 1 0c6626dc-e515-4f8a-96bd-5a16a8c5221c
1680143019.417778238s 1 0c963006-6d03-489a-87ee-0b16626b1a9c
1681870844.372060402s 1 0cdf647c-655d-404d-a00b-d7a9898896b1
1677292606.632933689s 1 11393677-981e-4385-a547-a5bdc0c1b36d
1680401663.330422519s 1 1150597d-6114-4380-9e55-bcc996272ec0
1676428676.696738264s 1 11d82b3d-755a-4b9b-a099-4d4d73c15ee0
1676169337.166556261s 1 155deae8-66cf-4545-9852-5754027d8ce3
1681006436.70483552s 1 186625f2-dae1-4ec3-91bc-936b82ed8526
1682734437.082777572s 1 1a0ac436-0402-4e87-a199-683f7b6d5849
1674755474.149744998s 1 1be975d9-0f45-4ac0-a7ee-389807c945cd
1683684780.147673922s 1 20d7b8bd-f1fa-41ca-92bc-dc410482aa79
1678157218.992393861s 1 21b8af7c-1f9e-422d-b813-3bf933639f96
1682302830.450045212s 1 2291f26c-e54e-43bf-8912-500c760bea8c
1682388982.694260674s 1 22a582fa-4cdd-43e8-aa74-93e573a3e921
1674755292.81563522s 1 23655a98-8a64-4498-b81c-7df84215998c
1675132747.857261855s 1 23e7b141-558f-4aa2-832f-199591fb6c09
1677551802.110892289s 1 246b8c47-52ff-4874-9be3-915dc0c4bbe2
1677206085.88863211s 1 2598f3b6-e507-4ab3-895e-0eb7baf85e23
1679537741.033836383s 1 2835142d-70a5-4472-8ae6-f5f030435c9e
1680229446.905235843s 1 28c9c6a1-59a9-4770-866a-2e0c746b35a9
1680660112.082177119s 1 30165332-784d-4e26-87dd-2530698aa273
1682475340.989738433s 1 30890747-4710-4c50-8d6c-64d08ec41dc6
1679279479.17259545s 1 34bd421a-8e1a-4bd4-a01f-0aa98787be15
1678329674.684551676s 1 377b01d7-7dec-485f-9f32-9a63893944bb
1678933660.34686019s 1 38ff7c31-de30-4d91-a428-aff84c2d1647
1680315236.736494254s 1 3b08885d-46fe-4d02-af43-770a2de8e17a
1683943908.294909393s 1 3ba9d542-c731-4066-ae07-6d6582f6dd29
1681524855.695084818s 1 4456a2ff-aa14-4f0c-b895-8c4a0f879dfc
1681351959.35625278s 1 44c58c42-8811-4dc6-95ab-a494167262d7
1678243267.982035637s 1 4d0794df-061a-4f0e-b52b-b2c4f0a871f0
1679710482.558512124s 1 4e91f6f5-97a9-4c53-935f-3c46982f75ba
1675477545.856920443s 1 4ea9619d-b658-4a69-9dba-b95ec4c5a955
1677119658.755710335s 1 4f0bb1b5-cc2b-4eb5-a03a-9e25490709fd
1681611808.231503389s 1 4fe3c2e3-e906-4af2-bf9a-718d8ff9041b
1680574542.945133419s 1 52c4fb57-152f-46b7-a12c-04f3dedf2ce5
1675564653.629845291s 1 546b9b28-88aa-4dd5-8cc6-6795e57cbc91
1681179161.815344105s 1 578d21fe-3a72-46d4-8797-ea5a88eaa933
1675736895.163776106s 1 5bfa8337-7aa4-4786-83d3-3c9a66ada7a0
1676514947.8449373s 1 5c1cfa1c-5497-417b-8494-b5d6f15c7386
1676774237.018932268s 1 5facd196-dca6-4103-ad66-bf5979a6fcd6
1681783952.315254967s 1 61d2d32c-8ea2-44cc-abf9-9c06bb339e31
1679364787.555067745s 1 6b7e8117-a4fe-4e8c-b6bd-807ee28fb222
1676860767.643499838s 1 6c7d5303-bba6-4d90-9337-9f0e97825f26
1677465472.258666388s 1 6db04431-44e5-47f5-96d0-6ed5de76d43e
1682993651.191766177s 1 6f283139-6a7a-45e0-aaa6-3906d54460c7
1678760007.120363954s 1 713dfc25-1748-4d6f-a559-71af2d9f589a
1675391808.064058109s 1 728d0f47-f9bf-4ff6-9cb5-242611bdbdca
1678674436.323838639s 1 74bc6a62-7105-4170-914f-472c30760846
1679970199.826634892s 1 760f56fe-2ae8-457c-abbe-1ae345e2760b
1676082592.893123123s 1 76b9fba4-c446-45f7-bfc0-bb69ace7dc91
1678416254.913568457s 1 78a90a19-9da3-4a11-9d1c-16214e28f437
1683598656.897751525s 1 7ba3eeb6-3d67-48bb-9010-0cca41a41ba9
1681092656.392277818s 1 7be9d82a-b803-46d8-bd29-f0aa6c8b3d06
1678501398.285894714s 1 7f057bcb-0a1b-4e3f-a83a-7873e94e28a9
1682216827.69909402s 1 804ef717-4dd2-454e-bd15-e52c2a52e624
1676947124.674146137s 1 8a8e0ec0-a7a4-44a7-9f13-c52462edd2ae
1680747145.792744926s 1 8aa8ca0f-cd73-442e-bc60-ee32a5193afb
1677638850.486864285s 1 8c0775a3-264f-47f4-ad50-79772b2b30cb
1679451521.346134128s 1 8c7c217d-6e01-4fd1-b905-ac21850aedeb
1681956774.750674857s 1 8d37b9e3-02dd-4ee0-b2dc-a375d78c0be1
1680487839.921485478s 1 8db76ef7-6d5d-476b-9e50-d19e6a908a87
1683771250.416250965s 1 8f2f4643-cafd-42a2-87aa-812e79555808
1682648231.619526787s 1 8f3ecc6b-27d2-4ed1-b99d-a44e5780280d
1675823743.12466057s 1 97bd7f9e-7531-4c7b-9d08-35ae4a221a5f
1678847188.140098762s 1 9973982b-f6db-44a8-b94a-9012e4ae6eb6
1680057025.007797849s 1 9b36335d-9789-4ed7-a283-8f2d4b4c329b
1680833452.754892343s 1 a52b710a-e739-4cce-a926-d41f81d21bb4
1677816280.583721512s 1 aad7715b-9085-4d85-a35b-843a1dde0c13
1680919653.177682489s 1 af48a3a7-daa1-4884-a934-380250caac3c
1674959934.767030586s 1 b121a5fd-7336-41ce-b124-067c49e32066
1675195342.603792884s 1 b6be0edf-31b7-49a8-a374-25b10bd4945b
1679624517.130341217s 1 b90763d1-d16a-42f0-b9e7-9b6d620d0196
1682907469.083906058s 1 b9242b3e-9b22-451c-9819-42562a757b29
1676687510.244806293s 1 bc9b7cdb-8b7d-41fd-8cca-7d8499eb9ec4
1674747287.79412429s 1 bdbca980-3703-4dcd-85c6-44b9b5839d3b
1675263931.107038058s 1 c23f89dd-2491-4cb6-bbab-1cf6e9ad8899
1678588514.68502347s 1 c6cdd7bb-1100-436d-935b-483388d0b506
1681438286.656210432s 1 cba100a5-1c44-413b-87c6-9ce7c91d3d4d
1683426285.566628329s 1 ccba507f-aeb5-49ef-9a9a-5749f65a619b
1682043235.28329476s 1 cdabe8cb-fb25-4be2-87be-23e21a9d1771
1682129680.109054447s 1 cf86a9e8-8511-4551-827f-380956acd19b
1674822636.160972436s 1 d0b9eb5d-fdf5-4313-b048-3f0ac18ac9f4
1674818535.231801278s 1 d2690f91-dd70-4a6d-a85f-63a0c707d753
1682820917.464779767s 1 d2d98ee0-e697-4e16-93d9-30b8b6248247
1683857497.094115221s 1 d4bf679a-a2e4-4a17-aa0f-31bf131d2d76
1676601611.215298349s 1 d8e2929b-569c-424d-ab5b-8c9c9b990f38
1674752745.417740801s 1 da187942-76f3-435f-b600-3ba609f505a9
1674747282.421030634s 1 dc2cbe1f-10e7-4c31-b39e-7ff73b74f5b2
1679106289.571612161s 1 ddba3616-187d-405e-8176-1df5188662d5
1683252635.988070215s 1 df02501b-ddc2-47af-8d9c-0479698791c2
1681265629.049293038s 1 df8407af-1c11-4475-8469-d8f1fe006c58
1674786987.313103524s 1 e060240c-a1c1-4262-949b-032b8205aec0
1675996850.620540547s 1 e0af8404-5401-4839-9897-abc41bfffe8b
1683079991.623776637s 1 e12cc9cd-98f6-4a3c-a038-54d27e404e55
1677379508.400372426s 1 e1a30509-3389-432e-a84f-38db5d2319cf
1679797586.877071687s 1 e403e0dc-1b1b-41c5-8b7b-31039f689886
1681697680.642684001s 1 e434467d-1296-48e5-aac1-96d20deebce4
1675219704.909859269s 1 e5d03cf9-431d-4fe9-8d4e-c8707a2fe245
1675910178.338031714s 1 e9ad532f-b513-4143-b012-218f295b83a7
1683166359.866628266s 1 ec76559e-f7f1-4987-9cf0-a4a8d42c4ef5
1683338983.826455154s 1 ee7738dd-e03a-4431-a35e-7a70996c2db8
1677984508.735391244s 1 f4738b95-e9f1-4451-93ce-bccd52e0b59c
1674873280.288758921s 1 f4fb203d-5603-46fe-94d1-44b5ab6cca96
1677897189.055379873s 1 f7da3150-e949-4ef3-8df5-0a15ef8f1998
1678070434.88207386s 1 f89a08ee-02d5-4ada-9500-80ac38ff6851
1675045840.468131819s 1 f91e17d1-d774-4cd3-b3f1-917e6a20fe40
1675650491.04329173s 1 fabbf5fe-298d-4f19-ad49-11405f643134
1675242747.173769932s 1 fac8277a-2aea-4527-b59d-edd83636ec6f
1676255775.708793198s 1 fb2e5bfe-f425-4f61-8b16-7c21455bf088
1677033391.885883816s 1 fb524cca-4f62-4781-a716-d31df701a90b
1683512333.626692087s 1 fc4d32b5-cefc-42a4-a6cf-3304dad5baa9
1679193285.309769672s 1 fcf6da98-302d-4c18-be16-8f9f513e1c0b
1675305223.108807606s 1 ff4b2ba2-274a-4426-84c3-9acf0e7a2749
