1674814094.340188863s 1 05580875-f9c8-4f85-9bd3-c978419b1d65
1676342202.507454006s 1 06293a10-928c-49cb-bda8-bf938945a1f7
1684808485.564812819s 1 083b0df1-dca5-42e5-81d5-40d80b10127b
1682561686.474786168s 1 0883e5da-9319-4897-b09f-00243afac0fc
1679883445.986293233s 1 0ae362bb-868b-47b2-a823-5335345af989
1677724910.325746748s 1 0afccb4c-7b4f-4201-b19c-bc6affd5163d
1679019879.156486231s 1 0c6626dc-e515-4f8a-96bd-5a16a8c5221c
1680143017.597048157s 1 0c963006-6d03-489a-87ee-0b16626b1a9c
1681870842.1114793s 1 0cdf647c-655d-404d-a00b-d7a9898896b1
1677292602.834321081s 1 11393677-981e-4385-a547-a5bdc0c1b36d
1680401661.201994138s 1 1150597d-6114-4380-9e55-bcc996272ec0
1676428673.051560278s 1 11d82b3d-755a-4b9b-a099-4d4d73c15ee0
1676169334.99531806s 1 155deae8-66cf-4545-9852-5754027d8ce3
1686968658.285774619s 1 165d6367-ace8-4504-abdd-b5d9f8d71db5
1681006432.859968443s 1 186625f2-dae1-4ec3-91bc-936b82ed8526
1674637788.831702533s 1 18ee5e58-d328-4da2-8f08-e840b1af1302
1682734433.410893558s 1 1a0ac436-0402-4e87-a199-683f7b6d5849
1674755468.604309117s 1 1be975d9-0f45-4ac0-a7ee-389807c945cd
1683684777.565464473s 1 20d7b8bd-f1fa-41ca-92bc-dc410482aa79
1678157216.525075443s 1 21b8af7c-1f9e-422d-b813-3bf933639f96
1682302825.979987416s 1 2291f26c-e54e-43bf-8912-500c760bea8c
1682388978.896233718s 1 22a582fa-4cdd-43e8-aa74-93e573a3e921
1674755290.76472918s 1 23655a98-8a64-4498-b81c-7df84215998c
1675132742.551701909s 1 23e7b141-558f-4aa2-832f-199591fb6c09
1677551796.673417317s 1 246b8c47-52ff-4874-9be3-915dc0c4bbe2
1677206082.00104263s 1 2598f3b6-e507-4ab3-895e-0eb7baf85e23
1679537739.172834914s 1 2835142d-70a5-4472-8ae6-f5f030435c9e
1680229441.46272993s 1 28c9c6a1-59a9-4770-866a-2e0c746b35a9
1684635939.325365888s 1 2a3c9c61-9069-401b-9a28-605179ef7c19
1685153640.119266489s 1 2c894b45-d0ae-4365-b25a-1b48a4eb7ae5
1674613928.396447396s 1 2d4dc673-94fa-4aa1-8d7b-de78372dc9b0
1680660106.751941105s 1 30165332-784d-4e26-87dd-2530698aa273
1682475338.429201262s 1 30890747-4710-4c50-8d6c-64d08ec41dc6
1686796098.040283832s 1 33f7b39d-9293-49ca-94d9-b32031f48f27
1679279474.314841511s 1 34bd421a-8e1a-4bd4-a01f-0aa98787be15
1678329669.612715934s 1 377b01d7-7dec-485f-9f32-9a63893944bb
1678933655.044610813s 1 38ff7c31-de30-4d91-a428-aff84c2d1647
1680315231.029105578s 1 3b08885d-46fe-4d02-af43-770a2de8e17a
1683943905.914418737s 1 3ba9d542-c731-4066-ae07-6d6582f6dd29
1686623396.189799793s 1 42431862-714e-4f17-bedf-6b0568ef45c3
1681524850.283036164s 1 4456a2ff-aa14-4f0c-b895-8c4a0f879dfc
1681351954.217510505s 1 44c58c42-8811-4dc6-95ab-a494167262d7
1687056119.248264233s 1 48abc136-0c0a-4ca9-bef7-dc0e1767ef8d
1678243265.749036372s 1 4d0794df-061a-4f0e-b52b-b2c4f0a871f0
1679710479.177017717s 1 4e91f6f5-97a9-4c53-935f-3c46982f75ba
1675477543.437655622s 1 4ea9619d-b658-4a69-9dba-b95ec4c5a955
1677119656.884395733s 1 4f0bb1b5-cc2b-4eb5-a03a-9e25490709fd
1681611804.310624886s 1 4fe3c2e3-e906-4af2-bf9a-718d8ff9041b
1680574540.418334552s 1 52c4fb57-152f-46b7-a12c-04f3dedf2ce5
1675564651.228637162s 1 546b9b28-88aa-4dd5-8cc6-6795e57cbc91
1684462638.392309379s 1 54fb19e6-9be8-4eef-8ce2-3d997ef05f77
1681179157.027159313s 1 578d21fe-3a72-46d4-8797-ea5a88eaa933
1684722358.148059539s 1 596001ae-606c-4d30-9c2b-0042bdc4c222
1675736890.424359146s 1 5bfa8337-7aa4-4786-83d3-3c9a66ada7a0
1676514945.722110687s 1 5c1cfa1c-5497-417b-8494-b5d6f15c7386
1685847326.181572428s 1 5f194865-eb3d-4a54-9940-ae66a0ee105f
1676774233.046360763s 1 5facd196-dca6-4103-ad66-bf5979a6fcd6
1681783948.20995453s 1 61d2d32c-8ea2-44cc-abf9-9c06bb339e31
1685759642.526885038s 1 6a991ccc-b175-4aa1-9c5b-45d01d77f1c2
1679364785.007813176s 1 6b7e8117-a4fe-4e8c-b6bd-807ee28fb222
1685588382.432743539s 1 6baac793-fcdd-4a31-aea6-ac38dc4f890e
1676860762.309959692s 1 6c7d5303-bba6-4d90-9337-9f0e97825f26
1677465470.057186351s 1 6db04431-44e5-47f5-96d0-6ed5de76d43e
1682993647.696784173s 1 6f283139-6a7a-45e0-aaa6-3906d54460c7
1678760001.618073734s 1 713dfc25-1748-4d6f-a559-71af2d9f589a
1685241057.83078456s 1 71a013b6-6dc5-4fe9-8619-556820165902
1675391805.748328625s 1 728d0f47-f9bf-4ff6-9cb5-242611bdbdca
1686709757.91606947s 1 73acee66-3bec-43c5-a557-05453523992e
1678674431.731476759s 1 74bc6a62-7105-4170-914f-472c30760846
1679970196.150165129s 1 760f56fe-2ae8-457c-abbe-1ae345e2760b
1676082589.384106755s 1 76b9fba4-c446-45f7-bfc0-bb69ace7dc91
1678416251.026260979s 1 78a90a19-9da3-4a11-9d1c-16214e28f437
1683598654.794900951s 1 7ba3eeb6-3d67-48bb-9010-0cca41a41ba9
1681092651.076181063s 1 7be9d82a-b803-46d8-bd29-f0aa6c8b3d06
1685327206.849240482s 1 7dc57846-8f54-4872-9d5e-b0f98404aaac
1678501395.198072217s 1 7f057bcb-0a1b-4e3f-a83a-7873e94e28a9
1682216824.964540752s 1 804ef717-4dd2-454e-bd15-e52c2a52e624
1685673473.507585s 1 80740f44-1288-4853-919f-c44fff6100e3
1674734355.398081035s 1 87c681c2-9c14-4638-b3d7-6a1fb4ad431d
1676947122.922301599s 1 8a8e0ec0-a7a4-44a7-9f13-c52462edd2ae
1674647786.448362422s 1 8aa2dd41-0806-4ddf-babd-32f385ab2ec3
1680747144.056891501s 1 8aa8ca0f-cd73-442e-bc60-ee32a5193afb
1686105785.834374183s 1 8bebaebb-7050-49ef-9bc0-8d405f15d26f
1677638846.631449282s 1 8c0775a3-264f-47f4-ad50-79772b2b30cb
1679451519.238578203s 1 8c7c217d-6e01-4fd1-b905-ac21850aedeb
1681956772.277782053s 1 8d37b9e3-02dd-4ee0-b2dc-a375d78c0be1
1680487837.982052046s 1 8db76ef7-6d5d-476b-9e50-d19e6a908a87
1683771245.078166758s 1 8f2f4643-cafd-42a2-87aa-812e79555808
1682648229.246772669s 1 8f3ecc6b-27d2-4ed1-b99d-a44e5780280d
1684981090.886828028s 1 92a448d5-e1bf-42b5-b237-ad3debfc1454
1684548781.057441309s 1 92fcbf12-4fc2-4bba-bd8f-26ae236245fc
1675823741.145397936s 1 97bd7f9e-7531-4c7b-9d08-35ae4a221a5f
1678847183.155264619s 1 9973982b-f6db-44a8-b94a-9012e4ae6eb6
1680057022.68253537s 1 9b36335d-9789-4ed7-a283-8f2d4b4c329b
1684895041.335975037s 1 9e2f4025-bda0-464b-a218-a821251e86aa
1685500916.399586899s 1 a01cd868-eb29-4451-956d-91c49898b7cc
1674456930.466304924s 1 a0e19a9f-8276-4829-8824-3673be2c1795
1686364359.123428072s 1 a4484aab-bfec-4c44-8219-426ad806589a
1680833450.650280389s 1 a52b710a-e739-4cce-a926-d41f81d21bb4
1674460986.948964667s 1 a861294a-be0f-41ba-a23e-35fa32e497d5
1677816278.05203141s 1 aad7715b-9085-4d85-a35b-843a1dde0c13
1686192132.593845629s 1 ae01ab3a-f11d-4265-9f35-ec621e68ff5a
1680919650.692702656s 1 af48a3a7-daa1-4884-a934-380250caac3c
1684203642.17459169s 1 af6693c8-c3a9-4cfc-bd47-62362e9fdf5a
1674441151.502889413s 1 afc0c44c-3b75-47c4-95f0-ee7890b2fb4b
1674959929.36477147s 1 b121a5fd-7336-41ce-b124-067c49e32066
1674355454.041228024s 1 b3ce10c6-d376-4183-8750-3167de966c3e
1675195337.109649078s 1 b6be0edf-31b7-49a8-a374-25b10bd4945b
1679624513.320594753s 1 b90763d1-d16a-42f0-b9e7-9b6d620d0196
1682907464.740090412s 1 b9242b3e-9b22-451c-9819-42562a757b29
1676687505.497190389s 1 bc9b7cdb-8b7d-41fd-8cca-7d8499eb9ec4
1674355456.846547845s 1 bdbca980-3703-4dcd-85c6-44b9b5839d3b
1684117358.711210357s 1 be7f07f7-dd6a-43f5-9f9c-9e179f4d4576
1675263926.410228479s 1 c23f89dd-2491-4cb6-bbab-1cf6e9ad8899
1678588510.925394032s 1 c6cdd7bb-1100-436d-935b-483388d0b506
1686278670.487436109s 1 c944034c-fd2b-44f4-8862-46832de3156f
1685413597.079376869s 1 cb87787c-b316-42f7-bbee-7ed7ad524027
1681438282.753096836s 1 cba100a5-1c44-413b-87c6-9ce7c91d3d4d
1684030915.933402361s 1 cc712ab2-8dea-4c20-9c91-80dd97765d4a
1683426281.334073539s 1 ccba507f-aeb5-49ef-9a9a-5749f65a619b
1682043232.737860718s 1 cdabe8cb-fb25-4be2-87be-23e21a9d1771
1682129677.725328866s 1 cf86a9e8-8511-4551-827f-380956acd19b
1674822633.999759512s 1 d0b9eb5d-fdf5-4313-b048-3f0ac18ac9f4
1674818530.689542148s 1 d2690f91-dd70-4a6d-a85f-63a0c707d753
1682820914.935269102s 1 d2d98ee0-e697-4e16-93d9-30b8b6248247
1683857494.799953175s 1 d4bf679a-a2e4-4a17-aa0f-31bf131d2d76
1674730816.095914027s 1 d8930a9f-6220-46d6-8c4e-b71e706f3a02
1676601607.644402521s 1 d8e2929b-569c-424d-ab5b-8c9c9b990f38
1674752742.831053413s 1 da187942-76f3-435f-b600-3ba609f505a9
1674744809.41657993s 1 dc2cbe1f-10e7-4c31-b39e-7ff73b74f5b2
1679106285.012491874s 1 ddba3616-187d-405e-8176-1df5188662d5
1686451857.2535068s 1 de1e7003-1d7e-49be-9672-92f2b97f5f61
1685067429.913277588s 1 de25cdfc-e66d-44da-a66c-16c354bd9ae0
1683252633.464725633s 1 df02501b-ddc2-47af-8d9c-0479698791c2
1681265625.212653364s 1 df8407af-1c11-4475-8469-d8f1fe006c58
1674786985.013399159s 1 e060240c-a1c1-4262-949b-032b8205aec0
1675996846.850435804s 1 e0af8404-5401-4839-9897-abc41bfffe8b
1683079987.687065835s 1 e12cc9cd-98f6-4a3c-a038-54d27e404e55
1677379504.696020149s 1 e1a30509-3389-432e-a84f-38db5d2319cf
1679797581.580398476s 1 e403e0dc-1b1b-41c5-8b7b-31039f689886
1681697675.744046204s 1 e434467d-1296-48e5-aac1-96d20deebce4
1675219700.868193929s 1 e5d03cf9-431d-4fe9-8d4e-c8707a2fe245
1674700379.780800493s 1 e93cb437-3c2b-41b7-84d8-7781329ac17c
1675910174.476227876s 1 e9ad532f-b513-4143-b012-218f295b83a7
1683166357.199115342s 1 ec76559e-f7f1-4987-9cf0-a4a8d42c4ef5
1683338981.617879651s 1 ee7738dd-e03a-4431-a35e-7a70996c2db8
1677984506.723836696s 1 f4738b95-e9f1-4451-93ce-bccd52e0b59c
1686882548.579560249s 1 f4d00bfd-d886-4071-89e3-da43919e1298
1674873274.575724964s 1 f4fb203d-5603-46fe-94d1-44b5ab6cca96
1684290064.275979136s 1 f5d704be-31f4-4100-8653-8b7b45da3e5d
1685932785.993903247s 1 f7402770-9544-4a3d-badd-a740ca43ef4d
1677897183.603930849s 1 f7da3150-e949-4ef3-8df5-0a15ef8f1998
1686019487.809673709s 1 f823a160-f21f-4256-8455-1d523a706073
1678070429.499650167s 1 f89a08ee-02d5-4ada-9500-80ac38ff6851
1675045835.724775607s 1 f91e17d1-d774-4cd3-b3f1-917e6a20fe40
1675650485.656943278s 1 fabbf5fe-298d-4f19-ad49-11405f643134
1675242742.658114215s 1 fac8277a-2aea-4527-b59d-edd83636ec6f
1676255770.362323833s 1 fb2e5bfe-f425-4f61-8b16-7c21455bf088
1677033389.738361495s 1 fb524cca-4f62-4781-a716-d31df701a90b
1683512327.99011064s 1 fc4d32b5-cefc-42a4-a6cf-3304dad5baa9
1679193280.613950952s 1 fcf6da98-302d-4c18-be16-8f9f513e1c0b
1686537740.451466408s 1 fe33a158-1c6e-4861-8001-31e2a1d9116d
1684376146.832882982s 1 fe70583d-7904-4790-b3ab-03ef40a4ea34
1674527462.205183333s 1 feb9834a-b4a8-40db-b4a1-231ea21c9140
1675305220.973351633s 1 ff4b2ba2-274a-4426-84c3-9acf0e7a2749
