1674814105.02336106s 1 05580875-f9c8-4f85-9bd3-c978419b1d65
1676342214.776289811s 1 06293a10-928c-49cb-bda8-bf938945a1f7
1682561708.617147521s 1 0883e5da-9319-4897-b09f-00243afac0fc
1679883476.292705944s 1 0ae362bb-868b-47b2-a823-5335345af989
1677724924.042722682s 1 0afccb4c-7b4f-4201-b19c-bc6affd5163d
1679019890.538425796s 1 0c6626dc-e515-4f8a-96bd-5a16a8c5221c
1680143028.409542852s 1 0c963006-6d03-489a-87ee-0b16626b1a9c
1681870855.390068018s 1 0cdf647c-655d-404d-a00b-d7a9898896b1
1677292624.553588415s 1 11393677-981e-4385-a547-a5bdc0c1b36d
1680401672.828578197s 1 1150597d-6114-4380-9e55-bcc996272ec0
1676428694.204532725s 1 11d82b3d-755a-4b9b-a099-4d4d73c15ee0
1676169347.037881265s 1 155deae8-66cf-4545-9852-5754027d8ce3
1681006454.48616329s 1 186625f2-dae1-4ec3-91bc-936b82ed8526
1674637798.688023411s 1 18ee5e58-d328-4da2-8f08-e840b1af1302
1682734455.460614872s 1 1a0ac436-0402-4e87-a199-683f7b6d5849
1674755493.243228584s 1 1be975d9-0f45-4ac0-a7ee-389807c945cd
1678157230.265373254s 1 21b8af7c-1f9e-422d-b813-3bf933639f96
1682302849.230039725s 1 2291f26c-e54e-43bf-8912-500c760bea8c
1682389000.578336916s 1 22a582fa-4cdd-43e8-aa74-93e573a3e921
1674755300.013159254s 1 23655a98-8a64-4498-b81c-7df84215998c
1675132769.183835676s 1 23e7b141-558f-4aa2-832f-199591fb6c09
1677551828.866656764s 1 246b8c47-52ff-4874-9be3-915dc0c4bbe2
1677206104.313584852s 1 2598f3b6-e507-4ab3-895e-0eb7baf85e23
1679537749.506646526s 1 2835142d-70a5-4472-8ae6-f5f030435c9e
1680229473.172891499s 1 28c9c6a1-59a9-4770-866a-2e0c746b35a9
1674613937.064155858s 1 2d4dc673-94fa-4aa1-8d7b-de78372dc9b0
1680660137.945641646s 1 30165332-784d-4e26-87dd-2530698aa273
1682475352.106579876s 1 30890747-4710-4c50-8d6c-64d08ec41dc6
1679279501.536656854s 1 34bd421a-8e1a-4bd4-a01f-0aa98787be15
1678329699.426296826s 1 377b01d7-7dec-485f-9f32-9a63893944bb
1678933691.411399935s 1 38ff7c31-de30-4d91-a428-aff84c2d1647
1680315261.809504904s 1 3b08885d-46fe-4d02-af43-770a2de8e17a
1681524880.92884839s 1 4456a2ff-aa14-4f0c-b895-8c4a0f879dfc
1681351984.380309549s 1 44c58c42-8811-4dc6-95ab-a494167262d7
1678243278.182113786s 1 4d0794df-061a-4f0e-b52b-b2c4f0a871f0
1679710498.958670712s 1 4e91f6f5-97a9-4c53-935f-3c46982f75ba
1675477557.395143555s 1 4ea9619d-b658-4a69-9dba-b95ec4c5a955
1677119667.712975989s 1 4f0bb1b5-cc2b-4eb5-a03a-9e25490709fd
1681611827.161464217s 1 4fe3c2e3-e906-4af2-bf9a-718d8ff9041b
1680574553.967630502s 1 52c4fb57-152f-46b7-a12c-04f3dedf2ce5
1675564664.520231377s 1 546b9b28-88aa-4dd5-8cc6-6795e57cbc91
1681179184.207796991s 1 578d21fe-3a72-46d4-8797-ea5a88eaa933
1675736917.510460575s 1 5bfa8337-7aa4-4786-83d3-3c9a66ada7a0
1676514957.809279555s 1 5c1cfa1c-5497-417b-8494-b5d6f15c7386
1676774255.041064807s 1 5facd196-dca6-4103-ad66-bf5979a6fcd6
1681783971.316018842s 1 61d2d32c-8ea2-44cc-abf9-9c06bb339e31
1679364798.724688373s 1 6b7e8117-a4fe-4e8c-b6bd-807ee28fb222
1676860793.648110601s 1 6c7d5303-bba6-4d90-9337-9f0e97825f26
1677465483.085499853s 1 6db04431-44e5-47f5-96d0-6ed5de76d43e
1682993668.366972883s 1 6f283139-6a7a-45e0-aaa6-3906d54460c7
1678760033.184333711s 1 713dfc25-1748-4d6f-a559-71af2d9f589a
1675391817.271593025s 1 728d0f47-f9bf-4ff6-9cb5-242611bdbdca
1678674458.271385696s 1 74bc6a62-7105-4170-914f-472c30760846
1679970217.129163469s 1 760f56fe-2ae8-457c-abbe-1ae345e2760b
1676082610.555718273s 1 76b9fba4-c446-45f7-bfc0-bb69ace7dc91
1678416273.843637547s 1 78a90a19-9da3-4a11-9d1c-16214e28f437
1683598672.354385395s 1 7ba3eeb6-3d67-48bb-9010-0cca41a41ba9
1681092682.596777235s 1 7be9d82a-b803-46d8-bd29-f0aa6c8b3d06
1678501421.405316531s 1 7f057bcb-0a1b-4e3f-a83a-7873e94e28a9
1682216839.692427282s 1 804ef717-4dd2-454e-bd15-e52c2a52e624
1674734362.576702526s 1 87c681c2-9c14-4638-b3d7-6a1fb4ad431d
1676947135.78229245s 1 8a8e0ec0-a7a4-44a7-9f13-c52462edd2ae
1674647795.098390063s 1 8aa2dd41-0806-4ddf-babd-32f385ab2ec3
1680747155.652518184s 1 8aa8ca0f-cd73-442e-bc60-ee32a5193afb
1677638867.694260571s 1 8c0775a3-264f-47f4-ad50-79772b2b30cb
1679451530.55360471s 1 8c7c217d-6e01-4fd1-b905-ac21850aedeb
1681956786.121850963s 1 8d37b9e3-02dd-4ee0-b2dc-a375d78c0be1
1680487849.538889444s 1 8db76ef7-6d5d-476b-9e50-d19e6a908a87
1682648242.090830599s 1 8f3ecc6b-27d2-4ed1-b99d-a44e5780280d
1675823752.482902225s 1 97bd7f9e-7531-4c7b-9d08-35ae4a221a5f
1678847211.645178044s 1 9973982b-f6db-44a8-b94a-9012e4ae6eb6
1680057036.190458582s 1 9b36335d-9789-4ed7-a283-8f2d4b4c329b
1680833463.257960408s 1 a52b710a-e739-4cce-a926-d41f81d21bb4
1677816291.652220768s 1 aad7715b-9085-4d85-a35b-843a1dde0c13
1680919664.592180346s 1 af48a3a7-daa1-4884-a934-380250caac3c
1674959956.487297011s 1 b121a5fd-7336-41ce-b124-067c49e32066
1675195363.555183023s 1 b6be0edf-31b7-49a8-a374-25b10bd4945b
1679624535.37431523s 1 b90763d1-d16a-42f0-b9e7-9b6d620d0196
1682907487.935920422s 1 b9242b3e-9b22-451c-9819-42562a757b29
1676687532.068886411s 1 bc9b7cdb-8b7d-41fd-8cca-7d8499eb9ec4
1674527873.497367684s 1 bdbca980-3703-4dcd-85c6-44b9b5839d3b
1675263952.050535745s 1 c23f89dd-2491-4cb6-bbab-1cf6e9ad8899
1678588532.61844342s 1 c6cdd7bb-1100-436d-935b-483388d0b506
1681438304.823562863s 1 cba100a5-1c44-413b-87c6-9ce7c91d3d4d
1683426305.193882246s 1 ccba507f-aeb5-49ef-9a9a-5749f65a619b
1682043247.597442936s 1 cdabe8cb-fb25-4be2-87be-23e21a9d1771
1682129691.866778788s 1 cf86a9e8-8511-4551-827f-380956acd19b
1674822644.886943041s 1 d0b9eb5d-fdf5-4313-b048-3f0ac18ac9f4
1674818552.129506745s 1 d2690f91-dd70-4a6d-a85f-63a0c707d753
1682820928.220517189s 1 d2d98ee0-e697-4e16-93d9-30b8b6248247
1674730822.774827874s 1 d8930a9f-6220-46d6-8c4e-b71e706f3a02
1676601629.096605373s 1 d8e2929b-569c-424d-ab5b-8c9c9b990f38
1674752752.860745384s 1 da187942-76f3-435f-b600-3ba609f505a9
1674744828.482335064s 1 dc2cbe1f-10e7-4c31-b39e-7ff73b74f5b2
1679106310.97422985s 1 ddba3616-187d-405e-8176-1df5188662d5
1683252648.007668682s 1 df02501b-ddc2-47af-8d9c-0479698791c2
1681265647.050290099s 1 df8407af-1c11-4475-8469-d8f1fe006c58
1674786995.556343502s 1 e060240c-a1c1-4262-949b-032b8205aec0
1675996868.346600766s 1 e0af8404-5401-4839-9897-abc41bfffe8b
1683080009.985119133s 1 e12cc9cd-98f6-4a3c-a038-54d27e404e55
1677379526.784030414s 1 e1a30509-3389-432e-a84f-38db5d2319cf
1679797612.667656447s 1 e403e0dc-1b1b-41c5-8b7b-31039f689886
1681697703.00593073s 1 e434467d-1296-48e5-aac1-96d20deebce4
1675219720.846543112s 1 e5d03cf9-431d-4fe9-8d4e-c8707a2fe245
1674700407.199007836s 1 e93cb437-3c2b-41b7-84d8-7781329ac17c
1675910196.134106603s 1 e9ad532f-b513-4143-b012-218f295b83a7
1683166371.034502778s 1 ec76559e-f7f1-4987-9cf0-a4a8d42c4ef5
1683338994.899116803s 1 ee7738dd-e03a-4431-a35e-7a70996c2db8
1677984519.776185216s 1 f4738b95-e9f1-4451-93ce-bccd52e0b59c
1674873301.50898625s 1 f4fb203d-5603-46fe-94d1-44b5ab6cca96
1677897214.196353666s 1 f7da3150-e949-4ef3-8df5-0a15ef8f1998
1678070465.117028295s 1 f89a08ee-02d5-4ada-9500-80ac38ff6851
1675045859.146007685s 1 f91e17d1-d774-4cd3-b3f1-917e6a20fe40
1675650515.349781413s 1 fabbf5fe-298d-4f19-ad49-11405f643134
1675242766.345282297s 1 fac8277a-2aea-4527-b59d-edd83636ec6f
1676255801.201173182s 1 fb2e5bfe-f425-4f61-8b16-7c21455bf088
1677033402.016302271s 1 fb524cca-4f62-4781-a716-d31df701a90b
1683512359.812642208s 1 fc4d32b5-cefc-42a4-a6cf-3304dad5baa9
1679193306.898278289s 1 fcf6da98-302d-4c18-be16-8f9f513e1c0b
1674527869.174669024s 1 feb9834a-b4a8-40db-b4a1-231ea21c9140
1675305232.060425773s 1 ff4b2ba2-274a-4426-84c3-9acf0e7a2749
