1684808523.201920478s 1 083b0df1-dca5-42e5-81d5-40d80b10127b
1683684797.998393513s 1 20d7b8bd-f1fa-41ca-92bc-dc410482aa79
1684635970.306630261s 1 2a3c9c61-9069-401b-9a28-605179ef7c19
1685153683.87762935s 1 2c894b45-d0ae-4365-b25a-1b48a4eb7ae5
1683943924.991835502s 1 3ba9d542-c731-4066-ae07-6d6582f6dd29
1684462683.672749872s 1 54fb19e6-9be8-4eef-8ce2-3d997ef05f77
1684722403.293672335s 1 596001ae-606c-4d30-9c2b-0042bdc4c222
1685847344.57526913s 1 5f194865-eb3d-4a54-9940-ae66a0ee105f
1685759661.408490382s 1 6a991ccc-b175-4aa1-9c5b-45d01d77f1c2
1685588414.488831577s 1 6baac793-fcdd-4a31-aea6-ac38dc4f890e
1685241078.556194221s 1 71a013b6-6dc5-4fe9-8619-556820165902
1683598677.496143167s 1 7ba3eeb6-3d67-48bb-9010-0cca41a41ba9
1685327250.863374079s 1 7dc57846-8f54-4872-9d5e-b0f98404aaac
1685673516.216750248s 1 80740f44-1288-4853-919f-c44fff6100e3
1686105831.168066894s 1 8bebaebb-7050-49ef-9bc0-8d405f15d26f
1683771288.251840189s 1 8f2f4643-cafd-42a2-87aa-812e79555808
1684981129.413835882s 1 92a448d5-e1bf-42b5-b237-ad3debfc1454
1684548820.139477068s 1 92fcbf12-4fc2-4bba-bd8f-26ae236245fc
1684895081.026412379s 1 9e2f4025-bda0-464b-a218-a821251e86aa
1685500935.346739212s 1 a01cd868-eb29-4451-956d-91c49898b7cc
1684203661.367540606s 1 af6693c8-c3a9-4cfc-bd47-62362e9fdf5a
1683261000.635257658s 1 bdbca980-3703-4dcd-85c6-44b9b5839d3b
1684117390.357172328s 1 be7f07f7-dd6a-43f5-9f9c-9e179f4d4576
1685413643.4795165s 1 cb87787c-b316-42f7-bbee-7ed7ad524027
1684030951.158703585s 1 cc712ab2-8dea-4c20-9c91-80dd97765d4a
1683426314.909568809s 1 ccba507f-aeb5-49ef-9a9a-5749f65a619b
1683857514.064861363s 1 d4bf679a-a2e4-4a17-aa0f-31bf131d2d76
1685067449.035154991s 1 de25cdfc-e66d-44da-a66c-16c354bd9ae0
1683260998.629221675s 1 df02501b-ddc2-47af-8d9c-0479698791c2
1683339000.309017405s 1 ee7738dd-e03a-4431-a35e-7a70996c2db8
1684290095.688450186s 1 f5d704be-31f4-4100-8653-8b7b45da3e5d
1685932805.007057674s 1 f7402770-9544-4a3d-badd-a740ca43ef4d
1686019520.341602818s 1 f823a160-f21f-4256-8455-1d523a706073
1683512372.710858928s 1 fc4d32b5-cefc-42a4-a6cf-3304dad5baa9
1684376165.792683777s 1 fe70583d-7904-4790-b3ab-03ef40a4ea34
